2022-01-25 09:19:44,384 DEBUG scheduler Queued events for site sanctity.erpeaz.com
2022-01-25 09:20:44,645 DEBUG scheduler Queued events for site sanctity.erpeaz.com
2022-01-25 09:21:44,908 DEBUG scheduler Queued events for site sanctity.erpeaz.com
2022-01-25 09:22:45,307 INFO scheduler Scheduled Job Start: erpnext.crm.doctype.social_media_post.social_media_post.process_scheduled_social_media_posts for sanctity.erpeaz.com
2022-01-25 09:22:45,317 DEBUG scheduler Queued events for site sanctity.erpeaz.com
2022-01-25 09:22:45,542 INFO scheduler Scheduled Job Complete: erpnext.crm.doctype.social_media_post.social_media_post.process_scheduled_social_media_posts for sanctity.erpeaz.com
2022-01-25 09:22:45,639 INFO scheduler Scheduled Job Start: erpnext.hr.doctype.interview.interview.send_interview_reminder for sanctity.erpeaz.com
2022-01-25 09:22:45,869 INFO scheduler Scheduled Job Complete: erpnext.hr.doctype.interview.interview.send_interview_reminder for sanctity.erpeaz.com
2022-01-25 09:22:45,966 INFO scheduler Scheduled Job Start: erpnext.healthcare.doctype.patient_appointment.patient_appointment.send_appointment_reminder for sanctity.erpeaz.com
2022-01-25 09:22:46,202 INFO scheduler Scheduled Job Complete: erpnext.healthcare.doctype.patient_appointment.patient_appointment.send_appointment_reminder for sanctity.erpeaz.com
2022-01-25 09:22:46,302 INFO scheduler Scheduled Job Start: erpnext.projects.doctype.project.project.project_status_update_reminder for sanctity.erpeaz.com
2022-01-25 09:22:46,598 INFO scheduler Scheduled Job Complete: erpnext.projects.doctype.project.project.project_status_update_reminder for sanctity.erpeaz.com
2022-01-25 09:22:46,697 INFO scheduler Scheduled Job Start: frappe.monitor.flush for sanctity.erpeaz.com
2022-01-25 09:22:46,898 INFO scheduler Scheduled Job Complete: frappe.monitor.flush for sanctity.erpeaz.com
2022-01-25 09:22:47,003 INFO scheduler Scheduled Job Start: frappe.utils.global_search.sync_global_search for sanctity.erpeaz.com
2022-01-25 09:22:47,231 INFO scheduler Scheduled Job Complete: frappe.utils.global_search.sync_global_search for sanctity.erpeaz.com
2022-01-25 09:22:47,333 INFO scheduler Scheduled Job Start: frappe.integrations.doctype.razorpay_settings.razorpay_settings.capture_payment for sanctity.erpeaz.com
2022-01-25 09:22:47,687 INFO scheduler Scheduled Job Complete: frappe.integrations.doctype.razorpay_settings.razorpay_settings.capture_payment for sanctity.erpeaz.com
2022-01-25 09:22:47,789 INFO scheduler Scheduled Job Start: frappe.email.doctype.email_account.email_account.notify_unreplied for sanctity.erpeaz.com
2022-01-25 09:22:48,055 INFO scheduler Scheduled Job Complete: frappe.email.doctype.email_account.email_account.notify_unreplied for sanctity.erpeaz.com
2022-01-25 09:22:48,157 INFO scheduler Scheduled Job Start: frappe.email.doctype.email_account.email_account.pull for sanctity.erpeaz.com
2022-01-25 09:22:48,455 INFO scheduler Scheduled Job Complete: frappe.email.doctype.email_account.email_account.pull for sanctity.erpeaz.com
2022-01-25 09:22:48,659 INFO scheduler Scheduled Job Start: frappe.email.queue.flush for sanctity.erpeaz.com
2022-01-25 09:22:49,081 INFO scheduler Scheduled Job Complete: frappe.email.queue.flush for sanctity.erpeaz.com
2022-01-25 09:23:45,576 DEBUG scheduler Queued events for site sanctity.erpeaz.com
2022-01-25 09:24:45,843 DEBUG scheduler Queued events for site sanctity.erpeaz.com
2022-01-25 09:25:46,106 DEBUG scheduler Queued events for site sanctity.erpeaz.com
2022-01-25 09:26:46,509 INFO scheduler Scheduled Job Start: erpnext.crm.doctype.social_media_post.social_media_post.process_scheduled_social_media_posts for sanctity.erpeaz.com
2022-01-25 09:26:46,524 DEBUG scheduler Queued events for site sanctity.erpeaz.com
2022-01-25 09:26:46,753 INFO scheduler Scheduled Job Complete: erpnext.crm.doctype.social_media_post.social_media_post.process_scheduled_social_media_posts for sanctity.erpeaz.com
2022-01-25 09:26:46,857 INFO scheduler Scheduled Job Start: erpnext.hr.doctype.interview.interview.send_interview_reminder for sanctity.erpeaz.com
2022-01-25 09:26:47,087 INFO scheduler Scheduled Job Complete: erpnext.hr.doctype.interview.interview.send_interview_reminder for sanctity.erpeaz.com
2022-01-25 09:26:47,213 INFO scheduler Scheduled Job Start: erpnext.healthcare.doctype.patient_appointment.patient_appointment.send_appointment_reminder for sanctity.erpeaz.com
2022-01-25 09:26:47,419 INFO scheduler Scheduled Job Complete: erpnext.healthcare.doctype.patient_appointment.patient_appointment.send_appointment_reminder for sanctity.erpeaz.com
2022-01-25 09:26:47,517 INFO scheduler Scheduled Job Start: erpnext.projects.doctype.project.project.project_status_update_reminder for sanctity.erpeaz.com
2022-01-25 09:26:47,810 INFO scheduler Scheduled Job Complete: erpnext.projects.doctype.project.project.project_status_update_reminder for sanctity.erpeaz.com
2022-01-25 09:26:47,908 INFO scheduler Scheduled Job Start: frappe.monitor.flush for sanctity.erpeaz.com
2022-01-25 09:26:48,103 INFO scheduler Scheduled Job Complete: frappe.monitor.flush for sanctity.erpeaz.com
2022-01-25 09:26:48,225 INFO scheduler Scheduled Job Start: frappe.utils.global_search.sync_global_search for sanctity.erpeaz.com
2022-01-25 09:26:48,423 INFO scheduler Scheduled Job Complete: frappe.utils.global_search.sync_global_search for sanctity.erpeaz.com
2022-01-25 09:26:48,524 INFO scheduler Scheduled Job Start: frappe.integrations.doctype.razorpay_settings.razorpay_settings.capture_payment for sanctity.erpeaz.com
2022-01-25 09:26:48,878 INFO scheduler Scheduled Job Complete: frappe.integrations.doctype.razorpay_settings.razorpay_settings.capture_payment for sanctity.erpeaz.com
2022-01-25 09:26:48,979 INFO scheduler Scheduled Job Start: frappe.email.doctype.email_account.email_account.notify_unreplied for sanctity.erpeaz.com
2022-01-25 09:26:49,266 INFO scheduler Scheduled Job Complete: frappe.email.doctype.email_account.email_account.notify_unreplied for sanctity.erpeaz.com
2022-01-25 09:26:49,369 INFO scheduler Scheduled Job Start: frappe.email.doctype.email_account.email_account.pull for sanctity.erpeaz.com
2022-01-25 09:26:49,643 INFO scheduler Scheduled Job Complete: frappe.email.doctype.email_account.email_account.pull for sanctity.erpeaz.com
2022-01-25 09:26:49,857 INFO scheduler Scheduled Job Start: frappe.email.queue.flush for sanctity.erpeaz.com
2022-01-25 09:26:50,332 INFO scheduler Scheduled Job Complete: frappe.email.queue.flush for sanctity.erpeaz.com
2022-01-25 09:27:46,807 DEBUG scheduler Queued events for site sanctity.erpeaz.com
2022-01-25 09:28:47,026 DEBUG scheduler Queued events for site sanctity.erpeaz.com
2022-01-25 09:29:47,293 DEBUG scheduler Queued events for site sanctity.erpeaz.com
2022-01-25 09:30:47,679 INFO scheduler Scheduled Job Start: erpnext.stock.doctype.repost_item_valuation.repost_item_valuation.repost_entries for sanctity.erpeaz.com
2022-01-25 09:30:47,859 INFO scheduler Scheduled Job Start: erpnext.erpnext_integrations.connectors.shopify_connection.sync_old_orders for sanctity.erpeaz.com
2022-01-25 09:30:48,448 DEBUG scheduler Queued events for site sanctity.erpeaz.com
2022-01-25 09:30:48,628 INFO scheduler Scheduled Job Failed: erpnext.stock.doctype.repost_item_valuation.repost_item_valuation.repost_entries for sanctity.erpeaz.com
2022-01-25 09:30:48,747 INFO scheduler Scheduled Job Complete: erpnext.erpnext_integrations.connectors.shopify_connection.sync_old_orders for sanctity.erpeaz.com
2022-01-25 09:30:48,855 INFO scheduler Scheduled Job Start: erpnext.support.doctype.issue.issue.set_service_level_agreement_variance for sanctity.erpeaz.com
2022-01-25 09:30:49,125 INFO scheduler Scheduled Job Complete: erpnext.support.doctype.issue.issue.set_service_level_agreement_variance for sanctity.erpeaz.com
2022-01-25 09:30:49,234 INFO scheduler Scheduled Job Start: erpnext.hr.doctype.shift_type.shift_type.process_auto_attendance_for_all_shifts for sanctity.erpeaz.com
2022-01-25 09:30:49,537 INFO scheduler Scheduled Job Complete: erpnext.hr.doctype.shift_type.shift_type.process_auto_attendance_for_all_shifts for sanctity.erpeaz.com
2022-01-25 09:30:49,646 INFO scheduler Scheduled Job Start: erpnext.projects.doctype.project.project.collect_project_status for sanctity.erpeaz.com
2022-01-25 09:30:49,971 INFO scheduler Scheduled Job Complete: erpnext.projects.doctype.project.project.collect_project_status for sanctity.erpeaz.com
2022-01-25 09:30:50,080 INFO scheduler Scheduled Job Start: erpnext.projects.doctype.project.project.hourly_reminder for sanctity.erpeaz.com
2022-01-25 09:30:50,438 INFO scheduler Scheduled Job Complete: erpnext.projects.doctype.project.project.hourly_reminder for sanctity.erpeaz.com
2022-01-25 09:30:50,542 INFO scheduler Scheduled Job Start: erpnext.erpnext_integrations.doctype.plaid_settings.plaid_settings.automatic_synchronization for sanctity.erpeaz.com
2022-01-25 09:30:50,893 INFO scheduler Scheduled Job Complete: erpnext.erpnext_integrations.doctype.plaid_settings.plaid_settings.automatic_synchronization for sanctity.erpeaz.com
2022-01-25 09:30:50,997 INFO scheduler Scheduled Job Start: erpnext.accounts.doctype.gl_entry.gl_entry.rename_gle_sle_docs for sanctity.erpeaz.com
2022-01-25 09:30:51,296 INFO scheduler Scheduled Job Complete: erpnext.accounts.doctype.gl_entry.gl_entry.rename_gle_sle_docs for sanctity.erpeaz.com
2022-01-25 09:30:51,403 INFO scheduler Scheduled Job Start: erpnext.erpnext_integrations.doctype.amazon_mws_settings.amazon_mws_settings.schedule_get_order_details for sanctity.erpeaz.com
2022-01-25 09:30:51,682 INFO scheduler Scheduled Job Complete: erpnext.erpnext_integrations.doctype.amazon_mws_settings.amazon_mws_settings.schedule_get_order_details for sanctity.erpeaz.com
2022-01-25 09:30:51,792 INFO scheduler Scheduled Job Start: erpnext.accounts.doctype.subscription.subscription.process_all for sanctity.erpeaz.com
2022-01-25 09:30:52,095 INFO scheduler Scheduled Job Complete: erpnext.accounts.doctype.subscription.subscription.process_all for sanctity.erpeaz.com
2022-01-25 09:30:52,204 INFO scheduler Scheduled Job Start: erpnext.hr.doctype.daily_work_summary_group.daily_work_summary_group.trigger_emails for sanctity.erpeaz.com
2022-01-25 09:30:52,459 INFO scheduler Scheduled Job Complete: erpnext.hr.doctype.daily_work_summary_group.daily_work_summary_group.trigger_emails for sanctity.erpeaz.com
2022-01-25 09:30:52,596 INFO scheduler Scheduled Job Start: erpnext.crm.doctype.social_media_post.social_media_post.process_scheduled_social_media_posts for sanctity.erpeaz.com
2022-01-25 09:30:52,827 INFO scheduler Scheduled Job Complete: erpnext.crm.doctype.social_media_post.social_media_post.process_scheduled_social_media_posts for sanctity.erpeaz.com
2022-01-25 09:30:52,929 INFO scheduler Scheduled Job Start: erpnext.hr.doctype.interview.interview.send_interview_reminder for sanctity.erpeaz.com
2022-01-25 09:30:53,162 INFO scheduler Scheduled Job Complete: erpnext.hr.doctype.interview.interview.send_interview_reminder for sanctity.erpeaz.com
2022-01-25 09:30:53,265 INFO scheduler Scheduled Job Start: erpnext.healthcare.doctype.patient_appointment.patient_appointment.send_appointment_reminder for sanctity.erpeaz.com
2022-01-25 09:30:53,474 INFO scheduler Scheduled Job Complete: erpnext.healthcare.doctype.patient_appointment.patient_appointment.send_appointment_reminder for sanctity.erpeaz.com
2022-01-25 09:30:53,601 INFO scheduler Scheduled Job Start: erpnext.projects.doctype.project.project.project_status_update_reminder for sanctity.erpeaz.com
2022-01-25 09:30:53,905 INFO scheduler Scheduled Job Complete: erpnext.projects.doctype.project.project.project_status_update_reminder for sanctity.erpeaz.com
2022-01-25 09:30:54,009 INFO scheduler Scheduled Job Start: erpnext.utilities.doctype.video.video.update_youtube_data for sanctity.erpeaz.com
2022-01-25 09:30:54,360 INFO scheduler Scheduled Job Failed: erpnext.utilities.doctype.video.video.update_youtube_data for sanctity.erpeaz.com
2022-01-25 09:30:54,467 INFO scheduler Scheduled Job Start: frappe.email.doctype.newsletter.newsletter.send_scheduled_email for sanctity.erpeaz.com
2022-01-25 09:30:54,804 INFO scheduler Scheduled Job Complete: frappe.email.doctype.newsletter.newsletter.send_scheduled_email for sanctity.erpeaz.com
2022-01-25 09:30:54,908 INFO scheduler Scheduled Job Start: frappe.integrations.doctype.google_calendar.google_calendar.sync for sanctity.erpeaz.com
2022-01-25 09:30:55,472 INFO scheduler Scheduled Job Complete: frappe.integrations.doctype.google_calendar.google_calendar.sync for sanctity.erpeaz.com
2022-01-25 09:30:55,579 INFO scheduler Scheduled Job Start: frappe.desk.form.document_follow.send_hourly_updates for sanctity.erpeaz.com
2022-01-25 09:30:55,870 INFO scheduler Scheduled Job Complete: frappe.desk.form.document_follow.send_hourly_updates for sanctity.erpeaz.com
2022-01-25 09:30:55,977 INFO scheduler Scheduled Job Start: frappe.deferred_insert.save_to_db for sanctity.erpeaz.com
2022-01-25 09:30:56,346 INFO scheduler Scheduled Job Complete: frappe.deferred_insert.save_to_db for sanctity.erpeaz.com
2022-01-25 09:30:56,456 INFO scheduler Scheduled Job Start: frappe.desk.page.backups.backups.delete_downloadable_backups for sanctity.erpeaz.com
2022-01-25 09:30:56,734 INFO scheduler Scheduled Job Complete: frappe.desk.page.backups.backups.delete_downloadable_backups for sanctity.erpeaz.com
2022-01-25 09:30:56,842 INFO scheduler Scheduled Job Start: frappe.utils.error.collect_error_snapshots for sanctity.erpeaz.com
2022-01-25 09:30:57,087 INFO scheduler Scheduled Job Complete: frappe.utils.error.collect_error_snapshots for sanctity.erpeaz.com
2022-01-25 09:30:57,190 INFO scheduler Scheduled Job Start: frappe.model.utils.user_settings.sync_user_settings for sanctity.erpeaz.com
2022-01-25 09:30:57,502 INFO scheduler Scheduled Job Complete: frappe.model.utils.user_settings.sync_user_settings for sanctity.erpeaz.com
2022-01-25 09:30:57,605 INFO scheduler Scheduled Job Start: frappe.model.utils.link_count.update_link_count for sanctity.erpeaz.com
2022-01-25 09:30:57,872 INFO scheduler Scheduled Job Complete: frappe.model.utils.link_count.update_link_count for sanctity.erpeaz.com
2022-01-25 09:30:57,975 INFO scheduler Scheduled Job Start: frappe.monitor.flush for sanctity.erpeaz.com
2022-01-25 09:30:58,170 INFO scheduler Scheduled Job Complete: frappe.monitor.flush for sanctity.erpeaz.com
2022-01-25 09:30:58,271 INFO scheduler Scheduled Job Start: frappe.utils.global_search.sync_global_search for sanctity.erpeaz.com
2022-01-25 09:30:58,470 INFO scheduler Scheduled Job Complete: frappe.utils.global_search.sync_global_search for sanctity.erpeaz.com
2022-01-25 09:30:58,570 INFO scheduler Scheduled Job Start: frappe.integrations.doctype.razorpay_settings.razorpay_settings.capture_payment for sanctity.erpeaz.com
2022-01-25 09:30:58,939 INFO scheduler Scheduled Job Complete: frappe.integrations.doctype.razorpay_settings.razorpay_settings.capture_payment for sanctity.erpeaz.com
2022-01-25 09:30:59,038 INFO scheduler Scheduled Job Start: frappe.email.doctype.email_account.email_account.notify_unreplied for sanctity.erpeaz.com
2022-01-25 09:30:59,292 INFO scheduler Scheduled Job Complete: frappe.email.doctype.email_account.email_account.notify_unreplied for sanctity.erpeaz.com
2022-01-25 09:30:59,389 INFO scheduler Scheduled Job Start: frappe.email.doctype.email_account.email_account.pull for sanctity.erpeaz.com
2022-01-25 09:30:59,655 INFO scheduler Scheduled Job Complete: frappe.email.doctype.email_account.email_account.pull for sanctity.erpeaz.com
2022-01-25 09:30:59,881 INFO scheduler Scheduled Job Start: frappe.email.queue.flush for sanctity.erpeaz.com
2022-01-25 09:31:00,381 INFO scheduler Scheduled Job Complete: frappe.email.queue.flush for sanctity.erpeaz.com
2022-01-25 09:31:00,494 INFO scheduler Scheduled Job Start: frappe.twofactor.delete_all_barcodes_for_users for sanctity.erpeaz.com
2022-01-25 09:31:00,795 INFO scheduler Scheduled Job Complete: frappe.twofactor.delete_all_barcodes_for_users for sanctity.erpeaz.com
2022-01-25 09:31:00,938 INFO scheduler Scheduled Job Start: frappe.website.doctype.web_page.web_page.check_publish_status for sanctity.erpeaz.com
2022-01-25 09:31:01,271 INFO scheduler Scheduled Job Complete: frappe.website.doctype.web_page.web_page.check_publish_status for sanctity.erpeaz.com
2022-01-25 09:31:01,385 INFO scheduler Scheduled Job Start: frappe.oauth.delete_oauth2_data for sanctity.erpeaz.com
2022-01-25 09:31:01,679 INFO scheduler Scheduled Job Complete: frappe.oauth.delete_oauth2_data for sanctity.erpeaz.com
2022-01-25 09:31:48,710 DEBUG scheduler Queued events for site sanctity.erpeaz.com
