2022-01-25 09:01:38,748 DEBUG scheduler Queued events for site sanctity.erpeaz.com
2022-01-25 09:02:39,147 INFO scheduler Scheduled Job Start: erpnext.crm.doctype.social_media_post.social_media_post.process_scheduled_social_media_posts for sanctity.erpeaz.com
2022-01-25 09:02:39,153 DEBUG scheduler Queued events for site sanctity.erpeaz.com
2022-01-25 09:02:39,376 INFO scheduler Scheduled Job Complete: erpnext.crm.doctype.social_media_post.social_media_post.process_scheduled_social_media_posts for sanctity.erpeaz.com
2022-01-25 09:02:39,497 INFO scheduler Scheduled Job Start: erpnext.hr.doctype.interview.interview.send_interview_reminder for sanctity.erpeaz.com
2022-01-25 09:02:39,729 INFO scheduler Scheduled Job Complete: erpnext.hr.doctype.interview.interview.send_interview_reminder for sanctity.erpeaz.com
2022-01-25 09:02:39,828 INFO scheduler Scheduled Job Start: erpnext.healthcare.doctype.patient_appointment.patient_appointment.send_appointment_reminder for sanctity.erpeaz.com
2022-01-25 09:02:40,039 INFO scheduler Scheduled Job Complete: erpnext.healthcare.doctype.patient_appointment.patient_appointment.send_appointment_reminder for sanctity.erpeaz.com
2022-01-25 09:02:40,144 INFO scheduler Scheduled Job Start: erpnext.projects.doctype.project.project.project_status_update_reminder for sanctity.erpeaz.com
2022-01-25 09:02:40,446 INFO scheduler Scheduled Job Complete: erpnext.projects.doctype.project.project.project_status_update_reminder for sanctity.erpeaz.com
2022-01-25 09:02:40,577 INFO scheduler Scheduled Job Start: frappe.monitor.flush for sanctity.erpeaz.com
2022-01-25 09:02:40,777 INFO scheduler Scheduled Job Complete: frappe.monitor.flush for sanctity.erpeaz.com
2022-01-25 09:02:40,877 INFO scheduler Scheduled Job Start: frappe.utils.global_search.sync_global_search for sanctity.erpeaz.com
2022-01-25 09:02:41,077 INFO scheduler Scheduled Job Complete: frappe.utils.global_search.sync_global_search for sanctity.erpeaz.com
2022-01-25 09:02:41,178 INFO scheduler Scheduled Job Start: frappe.integrations.doctype.razorpay_settings.razorpay_settings.capture_payment for sanctity.erpeaz.com
2022-01-25 09:02:41,530 INFO scheduler Scheduled Job Complete: frappe.integrations.doctype.razorpay_settings.razorpay_settings.capture_payment for sanctity.erpeaz.com
2022-01-25 09:02:41,665 INFO scheduler Scheduled Job Start: frappe.email.doctype.email_account.email_account.notify_unreplied for sanctity.erpeaz.com
2022-01-25 09:02:41,925 INFO scheduler Scheduled Job Complete: frappe.email.doctype.email_account.email_account.notify_unreplied for sanctity.erpeaz.com
2022-01-25 09:02:42,028 INFO scheduler Scheduled Job Start: frappe.email.doctype.email_account.email_account.pull for sanctity.erpeaz.com
2022-01-25 09:02:42,300 INFO scheduler Scheduled Job Complete: frappe.email.doctype.email_account.email_account.pull for sanctity.erpeaz.com
2022-01-25 09:02:42,501 INFO scheduler Scheduled Job Start: frappe.email.queue.flush for sanctity.erpeaz.com
2022-01-25 09:02:42,956 INFO scheduler Scheduled Job Complete: frappe.email.queue.flush for sanctity.erpeaz.com
2022-01-25 09:03:39,417 DEBUG scheduler Queued events for site sanctity.erpeaz.com
2022-01-25 09:04:39,700 DEBUG scheduler Queued events for site sanctity.erpeaz.com
2022-01-25 09:05:39,964 DEBUG scheduler Queued events for site sanctity.erpeaz.com
2022-01-25 09:06:40,375 INFO scheduler Scheduled Job Start: erpnext.crm.doctype.social_media_post.social_media_post.process_scheduled_social_media_posts for sanctity.erpeaz.com
2022-01-25 09:06:40,388 DEBUG scheduler Queued events for site sanctity.erpeaz.com
2022-01-25 09:06:40,640 INFO scheduler Scheduled Job Complete: erpnext.crm.doctype.social_media_post.social_media_post.process_scheduled_social_media_posts for sanctity.erpeaz.com
2022-01-25 09:06:40,745 INFO scheduler Scheduled Job Start: erpnext.hr.doctype.interview.interview.send_interview_reminder for sanctity.erpeaz.com
2022-01-25 09:06:40,982 INFO scheduler Scheduled Job Complete: erpnext.hr.doctype.interview.interview.send_interview_reminder for sanctity.erpeaz.com
2022-01-25 09:06:41,079 INFO scheduler Scheduled Job Start: erpnext.healthcare.doctype.patient_appointment.patient_appointment.send_appointment_reminder for sanctity.erpeaz.com
2022-01-25 09:06:41,285 INFO scheduler Scheduled Job Complete: erpnext.healthcare.doctype.patient_appointment.patient_appointment.send_appointment_reminder for sanctity.erpeaz.com
2022-01-25 09:06:41,381 INFO scheduler Scheduled Job Start: erpnext.projects.doctype.project.project.project_status_update_reminder for sanctity.erpeaz.com
2022-01-25 09:06:41,703 INFO scheduler Scheduled Job Complete: erpnext.projects.doctype.project.project.project_status_update_reminder for sanctity.erpeaz.com
2022-01-25 09:06:41,800 INFO scheduler Scheduled Job Start: frappe.monitor.flush for sanctity.erpeaz.com
2022-01-25 09:06:41,997 INFO scheduler Scheduled Job Complete: frappe.monitor.flush for sanctity.erpeaz.com
2022-01-25 09:06:42,098 INFO scheduler Scheduled Job Start: frappe.utils.global_search.sync_global_search for sanctity.erpeaz.com
2022-01-25 09:06:42,294 INFO scheduler Scheduled Job Complete: frappe.utils.global_search.sync_global_search for sanctity.erpeaz.com
2022-01-25 09:06:42,390 INFO scheduler Scheduled Job Start: frappe.integrations.doctype.razorpay_settings.razorpay_settings.capture_payment for sanctity.erpeaz.com
2022-01-25 09:06:42,756 INFO scheduler Scheduled Job Complete: frappe.integrations.doctype.razorpay_settings.razorpay_settings.capture_payment for sanctity.erpeaz.com
2022-01-25 09:06:42,853 INFO scheduler Scheduled Job Start: frappe.email.doctype.email_account.email_account.notify_unreplied for sanctity.erpeaz.com
2022-01-25 09:06:43,105 INFO scheduler Scheduled Job Complete: frappe.email.doctype.email_account.email_account.notify_unreplied for sanctity.erpeaz.com
2022-01-25 09:06:43,201 INFO scheduler Scheduled Job Start: frappe.email.doctype.email_account.email_account.pull for sanctity.erpeaz.com
2022-01-25 09:06:43,467 INFO scheduler Scheduled Job Complete: frappe.email.doctype.email_account.email_account.pull for sanctity.erpeaz.com
2022-01-25 09:06:43,697 INFO scheduler Scheduled Job Start: frappe.email.queue.flush for sanctity.erpeaz.com
2022-01-25 09:06:44,132 INFO scheduler Scheduled Job Complete: frappe.email.queue.flush for sanctity.erpeaz.com
2022-01-25 09:07:40,652 DEBUG scheduler Queued events for site sanctity.erpeaz.com
2022-01-25 09:08:40,892 DEBUG scheduler Queued events for site sanctity.erpeaz.com
2022-01-25 09:09:41,156 DEBUG scheduler Queued events for site sanctity.erpeaz.com
2022-01-25 09:10:41,542 INFO scheduler Scheduled Job Start: erpnext.crm.doctype.social_media_post.social_media_post.process_scheduled_social_media_posts for sanctity.erpeaz.com
2022-01-25 09:10:41,548 DEBUG scheduler Queued events for site sanctity.erpeaz.com
2022-01-25 09:10:41,807 INFO scheduler Scheduled Job Complete: erpnext.crm.doctype.social_media_post.social_media_post.process_scheduled_social_media_posts for sanctity.erpeaz.com
2022-01-25 09:10:41,908 INFO scheduler Scheduled Job Start: erpnext.hr.doctype.interview.interview.send_interview_reminder for sanctity.erpeaz.com
2022-01-25 09:10:42,143 INFO scheduler Scheduled Job Complete: erpnext.hr.doctype.interview.interview.send_interview_reminder for sanctity.erpeaz.com
2022-01-25 09:10:42,242 INFO scheduler Scheduled Job Start: erpnext.healthcare.doctype.patient_appointment.patient_appointment.send_appointment_reminder for sanctity.erpeaz.com
2022-01-25 09:10:42,449 INFO scheduler Scheduled Job Complete: erpnext.healthcare.doctype.patient_appointment.patient_appointment.send_appointment_reminder for sanctity.erpeaz.com
2022-01-25 09:10:42,547 INFO scheduler Scheduled Job Start: erpnext.projects.doctype.project.project.project_status_update_reminder for sanctity.erpeaz.com
2022-01-25 09:10:42,868 INFO scheduler Scheduled Job Complete: erpnext.projects.doctype.project.project.project_status_update_reminder for sanctity.erpeaz.com
2022-01-25 09:10:42,968 INFO scheduler Scheduled Job Start: frappe.monitor.flush for sanctity.erpeaz.com
2022-01-25 09:10:43,168 INFO scheduler Scheduled Job Complete: frappe.monitor.flush for sanctity.erpeaz.com
2022-01-25 09:10:43,271 INFO scheduler Scheduled Job Start: frappe.utils.global_search.sync_global_search for sanctity.erpeaz.com
2022-01-25 09:10:43,470 INFO scheduler Scheduled Job Complete: frappe.utils.global_search.sync_global_search for sanctity.erpeaz.com
2022-01-25 09:10:43,570 INFO scheduler Scheduled Job Start: frappe.integrations.doctype.razorpay_settings.razorpay_settings.capture_payment for sanctity.erpeaz.com
2022-01-25 09:10:43,956 INFO scheduler Scheduled Job Complete: frappe.integrations.doctype.razorpay_settings.razorpay_settings.capture_payment for sanctity.erpeaz.com
2022-01-25 09:10:44,061 INFO scheduler Scheduled Job Start: frappe.email.doctype.email_account.email_account.notify_unreplied for sanctity.erpeaz.com
2022-01-25 09:10:44,325 INFO scheduler Scheduled Job Complete: frappe.email.doctype.email_account.email_account.notify_unreplied for sanctity.erpeaz.com
2022-01-25 09:10:44,425 INFO scheduler Scheduled Job Start: frappe.email.doctype.email_account.email_account.pull for sanctity.erpeaz.com
2022-01-25 09:10:44,696 INFO scheduler Scheduled Job Complete: frappe.email.doctype.email_account.email_account.pull for sanctity.erpeaz.com
2022-01-25 09:10:44,933 INFO scheduler Scheduled Job Start: frappe.email.queue.flush for sanctity.erpeaz.com
2022-01-25 09:10:45,388 INFO scheduler Scheduled Job Complete: frappe.email.queue.flush for sanctity.erpeaz.com
2022-01-25 09:11:41,813 DEBUG scheduler Queued events for site sanctity.erpeaz.com
2022-01-25 09:12:42,031 DEBUG scheduler Queued events for site sanctity.erpeaz.com
2022-01-25 09:13:42,454 DEBUG scheduler Queued events for site sanctity.erpeaz.com
2022-01-25 09:14:42,869 INFO scheduler Scheduled Job Start: erpnext.crm.doctype.social_media_post.social_media_post.process_scheduled_social_media_posts for sanctity.erpeaz.com
2022-01-25 09:14:42,885 DEBUG scheduler Queued events for site sanctity.erpeaz.com
2022-01-25 09:14:43,105 INFO scheduler Scheduled Job Complete: erpnext.crm.doctype.social_media_post.social_media_post.process_scheduled_social_media_posts for sanctity.erpeaz.com
2022-01-25 09:14:43,206 INFO scheduler Scheduled Job Start: erpnext.hr.doctype.interview.interview.send_interview_reminder for sanctity.erpeaz.com
2022-01-25 09:14:43,438 INFO scheduler Scheduled Job Complete: erpnext.hr.doctype.interview.interview.send_interview_reminder for sanctity.erpeaz.com
2022-01-25 09:14:43,537 INFO scheduler Scheduled Job Start: erpnext.healthcare.doctype.patient_appointment.patient_appointment.send_appointment_reminder for sanctity.erpeaz.com
2022-01-25 09:14:43,744 INFO scheduler Scheduled Job Complete: erpnext.healthcare.doctype.patient_appointment.patient_appointment.send_appointment_reminder for sanctity.erpeaz.com
2022-01-25 09:14:43,843 INFO scheduler Scheduled Job Start: erpnext.projects.doctype.project.project.project_status_update_reminder for sanctity.erpeaz.com
2022-01-25 09:14:44,160 INFO scheduler Scheduled Job Complete: erpnext.projects.doctype.project.project.project_status_update_reminder for sanctity.erpeaz.com
2022-01-25 09:14:44,257 INFO scheduler Scheduled Job Start: frappe.monitor.flush for sanctity.erpeaz.com
2022-01-25 09:14:44,451 INFO scheduler Scheduled Job Complete: frappe.monitor.flush for sanctity.erpeaz.com
2022-01-25 09:14:44,547 INFO scheduler Scheduled Job Start: frappe.utils.global_search.sync_global_search for sanctity.erpeaz.com
2022-01-25 09:14:44,741 INFO scheduler Scheduled Job Complete: frappe.utils.global_search.sync_global_search for sanctity.erpeaz.com
2022-01-25 09:14:44,840 INFO scheduler Scheduled Job Start: frappe.integrations.doctype.razorpay_settings.razorpay_settings.capture_payment for sanctity.erpeaz.com
2022-01-25 09:14:45,219 INFO scheduler Scheduled Job Complete: frappe.integrations.doctype.razorpay_settings.razorpay_settings.capture_payment for sanctity.erpeaz.com
2022-01-25 09:14:45,318 INFO scheduler Scheduled Job Start: frappe.email.doctype.email_account.email_account.notify_unreplied for sanctity.erpeaz.com
2022-01-25 09:14:45,573 INFO scheduler Scheduled Job Complete: frappe.email.doctype.email_account.email_account.notify_unreplied for sanctity.erpeaz.com
2022-01-25 09:14:45,671 INFO scheduler Scheduled Job Start: frappe.email.doctype.email_account.email_account.pull for sanctity.erpeaz.com
2022-01-25 09:14:45,936 INFO scheduler Scheduled Job Complete: frappe.email.doctype.email_account.email_account.pull for sanctity.erpeaz.com
2022-01-25 09:14:46,169 INFO scheduler Scheduled Job Start: frappe.email.queue.flush for sanctity.erpeaz.com
2022-01-25 09:14:46,608 INFO scheduler Scheduled Job Complete: frappe.email.queue.flush for sanctity.erpeaz.com
2022-01-25 09:15:43,168 DEBUG scheduler Queued events for site sanctity.erpeaz.com
2022-01-25 09:15:43,250 INFO scheduler Scheduled Job Start: frappe.twofactor.delete_all_barcodes_for_users for sanctity.erpeaz.com
2022-01-25 09:15:43,557 INFO scheduler Scheduled Job Complete: frappe.twofactor.delete_all_barcodes_for_users for sanctity.erpeaz.com
2022-01-25 09:15:43,663 INFO scheduler Scheduled Job Start: frappe.website.doctype.web_page.web_page.check_publish_status for sanctity.erpeaz.com
2022-01-25 09:15:43,984 INFO scheduler Scheduled Job Complete: frappe.website.doctype.web_page.web_page.check_publish_status for sanctity.erpeaz.com
2022-01-25 09:15:44,098 INFO scheduler Scheduled Job Start: frappe.oauth.delete_oauth2_data for sanctity.erpeaz.com
2022-01-25 09:15:44,386 INFO scheduler Scheduled Job Complete: frappe.oauth.delete_oauth2_data for sanctity.erpeaz.com
2022-01-25 09:16:43,427 DEBUG scheduler Queued events for site sanctity.erpeaz.com
2022-01-25 09:17:43,688 DEBUG scheduler Queued events for site sanctity.erpeaz.com
2022-01-25 09:18:44,117 INFO scheduler Scheduled Job Start: erpnext.crm.doctype.social_media_post.social_media_post.process_scheduled_social_media_posts for sanctity.erpeaz.com
2022-01-25 09:18:44,124 DEBUG scheduler Queued events for site sanctity.erpeaz.com
2022-01-25 09:18:44,346 INFO scheduler Scheduled Job Complete: erpnext.crm.doctype.social_media_post.social_media_post.process_scheduled_social_media_posts for sanctity.erpeaz.com
2022-01-25 09:18:44,444 INFO scheduler Scheduled Job Start: erpnext.hr.doctype.interview.interview.send_interview_reminder for sanctity.erpeaz.com
2022-01-25 09:18:44,677 INFO scheduler Scheduled Job Complete: erpnext.hr.doctype.interview.interview.send_interview_reminder for sanctity.erpeaz.com
2022-01-25 09:18:44,779 INFO scheduler Scheduled Job Start: erpnext.healthcare.doctype.patient_appointment.patient_appointment.send_appointment_reminder for sanctity.erpeaz.com
2022-01-25 09:18:44,994 INFO scheduler Scheduled Job Complete: erpnext.healthcare.doctype.patient_appointment.patient_appointment.send_appointment_reminder for sanctity.erpeaz.com
2022-01-25 09:18:45,117 INFO scheduler Scheduled Job Start: erpnext.projects.doctype.project.project.project_status_update_reminder for sanctity.erpeaz.com
2022-01-25 09:18:45,410 INFO scheduler Scheduled Job Complete: erpnext.projects.doctype.project.project.project_status_update_reminder for sanctity.erpeaz.com
2022-01-25 09:18:45,508 INFO scheduler Scheduled Job Start: frappe.monitor.flush for sanctity.erpeaz.com
2022-01-25 09:18:45,701 INFO scheduler Scheduled Job Complete: frappe.monitor.flush for sanctity.erpeaz.com
2022-01-25 09:18:45,798 INFO scheduler Scheduled Job Start: frappe.utils.global_search.sync_global_search for sanctity.erpeaz.com
2022-01-25 09:18:45,999 INFO scheduler Scheduled Job Complete: frappe.utils.global_search.sync_global_search for sanctity.erpeaz.com
2022-01-25 09:18:46,128 INFO scheduler Scheduled Job Start: frappe.integrations.doctype.razorpay_settings.razorpay_settings.capture_payment for sanctity.erpeaz.com
2022-01-25 09:18:46,475 INFO scheduler Scheduled Job Complete: frappe.integrations.doctype.razorpay_settings.razorpay_settings.capture_payment for sanctity.erpeaz.com
2022-01-25 09:18:46,574 INFO scheduler Scheduled Job Start: frappe.email.doctype.email_account.email_account.notify_unreplied for sanctity.erpeaz.com
2022-01-25 09:18:46,830 INFO scheduler Scheduled Job Complete: frappe.email.doctype.email_account.email_account.notify_unreplied for sanctity.erpeaz.com
2022-01-25 09:18:46,933 INFO scheduler Scheduled Job Start: frappe.email.doctype.email_account.email_account.pull for sanctity.erpeaz.com
2022-01-25 09:18:47,229 INFO scheduler Scheduled Job Complete: frappe.email.doctype.email_account.email_account.pull for sanctity.erpeaz.com
2022-01-25 09:18:47,436 INFO scheduler Scheduled Job Start: frappe.email.queue.flush for sanctity.erpeaz.com
2022-01-25 09:18:47,864 INFO scheduler Scheduled Job Complete: frappe.email.queue.flush for sanctity.erpeaz.com
2022-01-25 09:19:44,384 DEBUG scheduler Queued events for site sanctity.erpeaz.com
2022-01-25 09:20:44,645 DEBUG scheduler Queued events for site sanctity.erpeaz.com
2022-01-25 09:21:44,908 DEBUG scheduler Queued events for site sanctity.erpeaz.com
2022-01-25 09:22:45,307 INFO scheduler Scheduled Job Start: erpnext.crm.doctype.social_media_post.social_media_post.process_scheduled_social_media_posts for sanctity.erpeaz.com
2022-01-25 09:22:45,317 DEBUG scheduler Queued events for site sanctity.erpeaz.com
2022-01-25 09:22:45,542 INFO scheduler Scheduled Job Complete: erpnext.crm.doctype.social_media_post.social_media_post.process_scheduled_social_media_posts for sanctity.erpeaz.com
2022-01-25 09:22:45,639 INFO scheduler Scheduled Job Start: erpnext.hr.doctype.interview.interview.send_interview_reminder for sanctity.erpeaz.com
2022-01-25 09:22:45,869 INFO scheduler Scheduled Job Complete: erpnext.hr.doctype.interview.interview.send_interview_reminder for sanctity.erpeaz.com
2022-01-25 09:22:45,966 INFO scheduler Scheduled Job Start: erpnext.healthcare.doctype.patient_appointment.patient_appointment.send_appointment_reminder for sanctity.erpeaz.com
2022-01-25 09:22:46,202 INFO scheduler Scheduled Job Complete: erpnext.healthcare.doctype.patient_appointment.patient_appointment.send_appointment_reminder for sanctity.erpeaz.com
2022-01-25 09:22:46,302 INFO scheduler Scheduled Job Start: erpnext.projects.doctype.project.project.project_status_update_reminder for sanctity.erpeaz.com
2022-01-25 09:22:46,598 INFO scheduler Scheduled Job Complete: erpnext.projects.doctype.project.project.project_status_update_reminder for sanctity.erpeaz.com
2022-01-25 09:22:46,697 INFO scheduler Scheduled Job Start: frappe.monitor.flush for sanctity.erpeaz.com
2022-01-25 09:22:46,898 INFO scheduler Scheduled Job Complete: frappe.monitor.flush for sanctity.erpeaz.com
2022-01-25 09:22:47,003 INFO scheduler Scheduled Job Start: frappe.utils.global_search.sync_global_search for sanctity.erpeaz.com
2022-01-25 09:22:47,231 INFO scheduler Scheduled Job Complete: frappe.utils.global_search.sync_global_search for sanctity.erpeaz.com
2022-01-25 09:22:47,333 INFO scheduler Scheduled Job Start: frappe.integrations.doctype.razorpay_settings.razorpay_settings.capture_payment for sanctity.erpeaz.com
2022-01-25 09:22:47,687 INFO scheduler Scheduled Job Complete: frappe.integrations.doctype.razorpay_settings.razorpay_settings.capture_payment for sanctity.erpeaz.com
2022-01-25 09:22:47,789 INFO scheduler Scheduled Job Start: frappe.email.doctype.email_account.email_account.notify_unreplied for sanctity.erpeaz.com
2022-01-25 09:22:48,055 INFO scheduler Scheduled Job Complete: frappe.email.doctype.email_account.email_account.notify_unreplied for sanctity.erpeaz.com
2022-01-25 09:22:48,157 INFO scheduler Scheduled Job Start: frappe.email.doctype.email_account.email_account.pull for sanctity.erpeaz.com
2022-01-25 09:22:48,455 INFO scheduler Scheduled Job Complete: frappe.email.doctype.email_account.email_account.pull for sanctity.erpeaz.com
2022-01-25 09:22:48,659 INFO scheduler Scheduled Job Start: frappe.email.queue.flush for sanctity.erpeaz.com
2022-01-25 09:22:49,081 INFO scheduler Scheduled Job Complete: frappe.email.queue.flush for sanctity.erpeaz.com
2022-01-25 09:23:45,576 DEBUG scheduler Queued events for site sanctity.erpeaz.com
2022-01-25 09:24:45,843 DEBUG scheduler Queued events for site sanctity.erpeaz.com
2022-01-25 09:25:46,106 DEBUG scheduler Queued events for site sanctity.erpeaz.com
2022-01-25 09:26:46,509 INFO scheduler Scheduled Job Start: erpnext.crm.doctype.social_media_post.social_media_post.process_scheduled_social_media_posts for sanctity.erpeaz.com
2022-01-25 09:26:46,524 DEBUG scheduler Queued events for site sanctity.erpeaz.com
2022-01-25 09:26:46,753 INFO scheduler Scheduled Job Complete: erpnext.crm.doctype.social_media_post.social_media_post.process_scheduled_social_media_posts for sanctity.erpeaz.com
2022-01-25 09:26:46,857 INFO scheduler Scheduled Job Start: erpnext.hr.doctype.interview.interview.send_interview_reminder for sanctity.erpeaz.com
2022-01-25 09:26:47,087 INFO scheduler Scheduled Job Complete: erpnext.hr.doctype.interview.interview.send_interview_reminder for sanctity.erpeaz.com
2022-01-25 09:26:47,213 INFO scheduler Scheduled Job Start: erpnext.healthcare.doctype.patient_appointment.patient_appointment.send_appointment_reminder for sanctity.erpeaz.com
2022-01-25 09:26:47,419 INFO scheduler Scheduled Job Complete: erpnext.healthcare.doctype.patient_appointment.patient_appointment.send_appointment_reminder for sanctity.erpeaz.com
2022-01-25 09:26:47,517 INFO scheduler Scheduled Job Start: erpnext.projects.doctype.project.project.project_status_update_reminder for sanctity.erpeaz.com
2022-01-25 09:26:47,810 INFO scheduler Scheduled Job Complete: erpnext.projects.doctype.project.project.project_status_update_reminder for sanctity.erpeaz.com
2022-01-25 09:26:47,908 INFO scheduler Scheduled Job Start: frappe.monitor.flush for sanctity.erpeaz.com
2022-01-25 09:26:48,103 INFO scheduler Scheduled Job Complete: frappe.monitor.flush for sanctity.erpeaz.com
2022-01-25 09:26:48,225 INFO scheduler Scheduled Job Start: frappe.utils.global_search.sync_global_search for sanctity.erpeaz.com
2022-01-25 09:26:48,423 INFO scheduler Scheduled Job Complete: frappe.utils.global_search.sync_global_search for sanctity.erpeaz.com
2022-01-25 09:26:48,524 INFO scheduler Scheduled Job Start: frappe.integrations.doctype.razorpay_settings.razorpay_settings.capture_payment for sanctity.erpeaz.com
2022-01-25 09:26:48,878 INFO scheduler Scheduled Job Complete: frappe.integrations.doctype.razorpay_settings.razorpay_settings.capture_payment for sanctity.erpeaz.com
2022-01-25 09:26:48,979 INFO scheduler Scheduled Job Start: frappe.email.doctype.email_account.email_account.notify_unreplied for sanctity.erpeaz.com
2022-01-25 09:26:49,266 INFO scheduler Scheduled Job Complete: frappe.email.doctype.email_account.email_account.notify_unreplied for sanctity.erpeaz.com
2022-01-25 09:26:49,369 INFO scheduler Scheduled Job Start: frappe.email.doctype.email_account.email_account.pull for sanctity.erpeaz.com
2022-01-25 09:26:49,643 INFO scheduler Scheduled Job Complete: frappe.email.doctype.email_account.email_account.pull for sanctity.erpeaz.com
2022-01-25 09:26:49,857 INFO scheduler Scheduled Job Start: frappe.email.queue.flush for sanctity.erpeaz.com
2022-01-25 09:26:50,332 INFO scheduler Scheduled Job Complete: frappe.email.queue.flush for sanctity.erpeaz.com
2022-01-25 09:27:46,807 DEBUG scheduler Queued events for site sanctity.erpeaz.com
2022-01-25 09:28:47,026 DEBUG scheduler Queued events for site sanctity.erpeaz.com
2022-01-25 09:29:47,293 DEBUG scheduler Queued events for site sanctity.erpeaz.com
2022-01-25 09:30:47,679 INFO scheduler Scheduled Job Start: erpnext.stock.doctype.repost_item_valuation.repost_item_valuation.repost_entries for sanctity.erpeaz.com
2022-01-25 09:30:47,859 INFO scheduler Scheduled Job Start: erpnext.erpnext_integrations.connectors.shopify_connection.sync_old_orders for sanctity.erpeaz.com
2022-01-25 09:30:48,448 DEBUG scheduler Queued events for site sanctity.erpeaz.com
2022-01-25 09:30:48,628 INFO scheduler Scheduled Job Failed: erpnext.stock.doctype.repost_item_valuation.repost_item_valuation.repost_entries for sanctity.erpeaz.com
2022-01-25 09:30:48,747 INFO scheduler Scheduled Job Complete: erpnext.erpnext_integrations.connectors.shopify_connection.sync_old_orders for sanctity.erpeaz.com
2022-01-25 09:30:48,855 INFO scheduler Scheduled Job Start: erpnext.support.doctype.issue.issue.set_service_level_agreement_variance for sanctity.erpeaz.com
2022-01-25 09:30:49,125 INFO scheduler Scheduled Job Complete: erpnext.support.doctype.issue.issue.set_service_level_agreement_variance for sanctity.erpeaz.com
2022-01-25 09:30:49,234 INFO scheduler Scheduled Job Start: erpnext.hr.doctype.shift_type.shift_type.process_auto_attendance_for_all_shifts for sanctity.erpeaz.com
2022-01-25 09:30:49,537 INFO scheduler Scheduled Job Complete: erpnext.hr.doctype.shift_type.shift_type.process_auto_attendance_for_all_shifts for sanctity.erpeaz.com
2022-01-25 09:30:49,646 INFO scheduler Scheduled Job Start: erpnext.projects.doctype.project.project.collect_project_status for sanctity.erpeaz.com
2022-01-25 09:30:49,971 INFO scheduler Scheduled Job Complete: erpnext.projects.doctype.project.project.collect_project_status for sanctity.erpeaz.com
2022-01-25 09:30:50,080 INFO scheduler Scheduled Job Start: erpnext.projects.doctype.project.project.hourly_reminder for sanctity.erpeaz.com
2022-01-25 09:30:50,438 INFO scheduler Scheduled Job Complete: erpnext.projects.doctype.project.project.hourly_reminder for sanctity.erpeaz.com
2022-01-25 09:30:50,542 INFO scheduler Scheduled Job Start: erpnext.erpnext_integrations.doctype.plaid_settings.plaid_settings.automatic_synchronization for sanctity.erpeaz.com
2022-01-25 09:30:50,893 INFO scheduler Scheduled Job Complete: erpnext.erpnext_integrations.doctype.plaid_settings.plaid_settings.automatic_synchronization for sanctity.erpeaz.com
2022-01-25 09:30:50,997 INFO scheduler Scheduled Job Start: erpnext.accounts.doctype.gl_entry.gl_entry.rename_gle_sle_docs for sanctity.erpeaz.com
2022-01-25 09:30:51,296 INFO scheduler Scheduled Job Complete: erpnext.accounts.doctype.gl_entry.gl_entry.rename_gle_sle_docs for sanctity.erpeaz.com
2022-01-25 09:30:51,403 INFO scheduler Scheduled Job Start: erpnext.erpnext_integrations.doctype.amazon_mws_settings.amazon_mws_settings.schedule_get_order_details for sanctity.erpeaz.com
2022-01-25 09:30:51,682 INFO scheduler Scheduled Job Complete: erpnext.erpnext_integrations.doctype.amazon_mws_settings.amazon_mws_settings.schedule_get_order_details for sanctity.erpeaz.com
2022-01-25 09:30:51,792 INFO scheduler Scheduled Job Start: erpnext.accounts.doctype.subscription.subscription.process_all for sanctity.erpeaz.com
2022-01-25 09:30:52,095 INFO scheduler Scheduled Job Complete: erpnext.accounts.doctype.subscription.subscription.process_all for sanctity.erpeaz.com
2022-01-25 09:30:52,204 INFO scheduler Scheduled Job Start: erpnext.hr.doctype.daily_work_summary_group.daily_work_summary_group.trigger_emails for sanctity.erpeaz.com
2022-01-25 09:30:52,459 INFO scheduler Scheduled Job Complete: erpnext.hr.doctype.daily_work_summary_group.daily_work_summary_group.trigger_emails for sanctity.erpeaz.com
2022-01-25 09:30:52,596 INFO scheduler Scheduled Job Start: erpnext.crm.doctype.social_media_post.social_media_post.process_scheduled_social_media_posts for sanctity.erpeaz.com
2022-01-25 09:30:52,827 INFO scheduler Scheduled Job Complete: erpnext.crm.doctype.social_media_post.social_media_post.process_scheduled_social_media_posts for sanctity.erpeaz.com
2022-01-25 09:30:52,929 INFO scheduler Scheduled Job Start: erpnext.hr.doctype.interview.interview.send_interview_reminder for sanctity.erpeaz.com
2022-01-25 09:30:53,162 INFO scheduler Scheduled Job Complete: erpnext.hr.doctype.interview.interview.send_interview_reminder for sanctity.erpeaz.com
2022-01-25 09:30:53,265 INFO scheduler Scheduled Job Start: erpnext.healthcare.doctype.patient_appointment.patient_appointment.send_appointment_reminder for sanctity.erpeaz.com
2022-01-25 09:30:53,474 INFO scheduler Scheduled Job Complete: erpnext.healthcare.doctype.patient_appointment.patient_appointment.send_appointment_reminder for sanctity.erpeaz.com
2022-01-25 09:30:53,601 INFO scheduler Scheduled Job Start: erpnext.projects.doctype.project.project.project_status_update_reminder for sanctity.erpeaz.com
2022-01-25 09:30:53,905 INFO scheduler Scheduled Job Complete: erpnext.projects.doctype.project.project.project_status_update_reminder for sanctity.erpeaz.com
2022-01-25 09:30:54,009 INFO scheduler Scheduled Job Start: erpnext.utilities.doctype.video.video.update_youtube_data for sanctity.erpeaz.com
2022-01-25 09:30:54,360 INFO scheduler Scheduled Job Failed: erpnext.utilities.doctype.video.video.update_youtube_data for sanctity.erpeaz.com
2022-01-25 09:30:54,467 INFO scheduler Scheduled Job Start: frappe.email.doctype.newsletter.newsletter.send_scheduled_email for sanctity.erpeaz.com
2022-01-25 09:30:54,804 INFO scheduler Scheduled Job Complete: frappe.email.doctype.newsletter.newsletter.send_scheduled_email for sanctity.erpeaz.com
2022-01-25 09:30:54,908 INFO scheduler Scheduled Job Start: frappe.integrations.doctype.google_calendar.google_calendar.sync for sanctity.erpeaz.com
2022-01-25 09:30:55,472 INFO scheduler Scheduled Job Complete: frappe.integrations.doctype.google_calendar.google_calendar.sync for sanctity.erpeaz.com
2022-01-25 09:30:55,579 INFO scheduler Scheduled Job Start: frappe.desk.form.document_follow.send_hourly_updates for sanctity.erpeaz.com
2022-01-25 09:30:55,870 INFO scheduler Scheduled Job Complete: frappe.desk.form.document_follow.send_hourly_updates for sanctity.erpeaz.com
2022-01-25 09:30:55,977 INFO scheduler Scheduled Job Start: frappe.deferred_insert.save_to_db for sanctity.erpeaz.com
2022-01-25 09:30:56,346 INFO scheduler Scheduled Job Complete: frappe.deferred_insert.save_to_db for sanctity.erpeaz.com
2022-01-25 09:30:56,456 INFO scheduler Scheduled Job Start: frappe.desk.page.backups.backups.delete_downloadable_backups for sanctity.erpeaz.com
2022-01-25 09:30:56,734 INFO scheduler Scheduled Job Complete: frappe.desk.page.backups.backups.delete_downloadable_backups for sanctity.erpeaz.com
2022-01-25 09:30:56,842 INFO scheduler Scheduled Job Start: frappe.utils.error.collect_error_snapshots for sanctity.erpeaz.com
2022-01-25 09:30:57,087 INFO scheduler Scheduled Job Complete: frappe.utils.error.collect_error_snapshots for sanctity.erpeaz.com
2022-01-25 09:30:57,190 INFO scheduler Scheduled Job Start: frappe.model.utils.user_settings.sync_user_settings for sanctity.erpeaz.com
2022-01-25 09:30:57,502 INFO scheduler Scheduled Job Complete: frappe.model.utils.user_settings.sync_user_settings for sanctity.erpeaz.com
2022-01-25 09:30:57,605 INFO scheduler Scheduled Job Start: frappe.model.utils.link_count.update_link_count for sanctity.erpeaz.com
2022-01-25 09:30:57,872 INFO scheduler Scheduled Job Complete: frappe.model.utils.link_count.update_link_count for sanctity.erpeaz.com
2022-01-25 09:30:57,975 INFO scheduler Scheduled Job Start: frappe.monitor.flush for sanctity.erpeaz.com
2022-01-25 09:30:58,170 INFO scheduler Scheduled Job Complete: frappe.monitor.flush for sanctity.erpeaz.com
2022-01-25 09:30:58,271 INFO scheduler Scheduled Job Start: frappe.utils.global_search.sync_global_search for sanctity.erpeaz.com
2022-01-25 09:30:58,470 INFO scheduler Scheduled Job Complete: frappe.utils.global_search.sync_global_search for sanctity.erpeaz.com
2022-01-25 09:30:58,570 INFO scheduler Scheduled Job Start: frappe.integrations.doctype.razorpay_settings.razorpay_settings.capture_payment for sanctity.erpeaz.com
2022-01-25 09:30:58,939 INFO scheduler Scheduled Job Complete: frappe.integrations.doctype.razorpay_settings.razorpay_settings.capture_payment for sanctity.erpeaz.com
2022-01-25 09:30:59,038 INFO scheduler Scheduled Job Start: frappe.email.doctype.email_account.email_account.notify_unreplied for sanctity.erpeaz.com
2022-01-25 09:30:59,292 INFO scheduler Scheduled Job Complete: frappe.email.doctype.email_account.email_account.notify_unreplied for sanctity.erpeaz.com
2022-01-25 09:30:59,389 INFO scheduler Scheduled Job Start: frappe.email.doctype.email_account.email_account.pull for sanctity.erpeaz.com
2022-01-25 09:30:59,655 INFO scheduler Scheduled Job Complete: frappe.email.doctype.email_account.email_account.pull for sanctity.erpeaz.com
2022-01-25 09:30:59,881 INFO scheduler Scheduled Job Start: frappe.email.queue.flush for sanctity.erpeaz.com
2022-01-25 09:31:00,381 INFO scheduler Scheduled Job Complete: frappe.email.queue.flush for sanctity.erpeaz.com
2022-01-25 09:31:00,494 INFO scheduler Scheduled Job Start: frappe.twofactor.delete_all_barcodes_for_users for sanctity.erpeaz.com
2022-01-25 09:31:00,795 INFO scheduler Scheduled Job Complete: frappe.twofactor.delete_all_barcodes_for_users for sanctity.erpeaz.com
2022-01-25 09:31:00,938 INFO scheduler Scheduled Job Start: frappe.website.doctype.web_page.web_page.check_publish_status for sanctity.erpeaz.com
2022-01-25 09:31:01,271 INFO scheduler Scheduled Job Complete: frappe.website.doctype.web_page.web_page.check_publish_status for sanctity.erpeaz.com
2022-01-25 09:31:01,385 INFO scheduler Scheduled Job Start: frappe.oauth.delete_oauth2_data for sanctity.erpeaz.com
2022-01-25 09:31:01,679 INFO scheduler Scheduled Job Complete: frappe.oauth.delete_oauth2_data for sanctity.erpeaz.com
2022-01-25 09:31:48,710 DEBUG scheduler Queued events for site sanctity.erpeaz.com
