/home/erpnext/frappe-bench/env/lib/python3.6/site-packages/past/builtins/misc.py:45: DeprecationWarning: the imp module is deprecated in favour of importlib; see the module's documentation for alternative uses
  from imp import reload
/home/erpnext/frappe-bench/env/lib/python3.6/site-packages/past/builtins/misc.py:45: DeprecationWarning: the imp module is deprecated in favour of importlib; see the module's documentation for alternative uses
  from imp import reload
/home/erpnext/frappe-bench/env/lib/python3.6/site-packages/past/builtins/misc.py:45: DeprecationWarning: the imp module is deprecated in favour of importlib; see the module's documentation for alternative uses
  from imp import reload
/home/erpnext/frappe-bench/env/lib/python3.6/site-packages/bleach_whitelist/bleach_whitelist.py:7: DeprecationWarning: bleach-whitelist has been renamed bleach-allowlist. It will not receive further updates under the old name. See https://pypi.org/project/bleach-allowlist
  DeprecationWarning
/home/erpnext/frappe-bench/env/lib/python3.6/site-packages/bleach_whitelist/bleach_whitelist.py:7: DeprecationWarning: bleach-whitelist has been renamed bleach-allowlist. It will not receive further updates under the old name. See https://pypi.org/project/bleach-allowlist
  DeprecationWarning
/home/erpnext/frappe-bench/env/lib/python3.6/site-packages/bleach_whitelist/bleach_whitelist.py:7: DeprecationWarning: bleach-whitelist has been renamed bleach-allowlist. It will not receive further updates under the old name. See https://pypi.org/project/bleach-allowlist
  DeprecationWarning
09:31:59 Traceback (most recent call last):
  File "/home/erpnext/frappe-bench/env/lib/python3.6/site-packages/rq/worker.py", line 1013, in perform_job
    rv = job.perform()
  File "/home/erpnext/frappe-bench/env/lib/python3.6/site-packages/rq/job.py", line 709, in perform
    self._result = self._execute()
  File "/home/erpnext/frappe-bench/env/lib/python3.6/site-packages/rq/job.py", line 732, in _execute
    result = self.func(*self.args, **self.kwargs)
  File "/home/erpnext/frappe-bench/apps/frappe/frappe/utils/background_jobs.py", line 104, in execute_job
    method(**kwargs)
  File "/home/erpnext/frappe-bench/apps/frappe/frappe/core/doctype/user/user.py", line 995, in create_contact
    contact.insert(ignore_permissions=True, ignore_links=ignore_links, ignore_mandatory=ignore_mandatory)
  File "/home/erpnext/frappe-bench/apps/frappe/frappe/model/document.py", line 232, in insert
    self._validate_links()
  File "/home/erpnext/frappe-bench/apps/frappe/frappe/model/document.py", line 835, in _validate_links
    frappe.LinkValidationError)
  File "/home/erpnext/frappe-bench/apps/frappe/frappe/__init__.py", line 439, in throw
    msgprint(msg, raise_exception=exc, title=title, indicator='red', is_minimizable=is_minimizable, wide=wide, as_list=as_list)
  File "/home/erpnext/frappe-bench/apps/frappe/frappe/__init__.py", line 418, in msgprint
    _raise_exception()
  File "/home/erpnext/frappe-bench/apps/frappe/frappe/__init__.py", line 372, in _raise_exception
    raise raise_exception(msg)
frappe.exceptions.LinkValidationError: Could not find User Id: sanctity@gmail.com

09:32:00 Traceback (most recent call last):
  File "/home/erpnext/frappe-bench/env/lib/python3.6/site-packages/rq/worker.py", line 1013, in perform_job
    rv = job.perform()
  File "/home/erpnext/frappe-bench/env/lib/python3.6/site-packages/rq/job.py", line 709, in perform
    self._result = self._execute()
  File "/home/erpnext/frappe-bench/env/lib/python3.6/site-packages/rq/job.py", line 732, in _execute
    result = self.func(*self.args, **self.kwargs)
  File "/home/erpnext/frappe-bench/apps/frappe/frappe/utils/background_jobs.py", line 104, in execute_job
    method(**kwargs)
  File "/home/erpnext/frappe-bench/apps/frappe/frappe/core/doctype/user/user.py", line 995, in create_contact
    contact.insert(ignore_permissions=True, ignore_links=ignore_links, ignore_mandatory=ignore_mandatory)
  File "/home/erpnext/frappe-bench/apps/frappe/frappe/model/document.py", line 232, in insert
    self._validate_links()
  File "/home/erpnext/frappe-bench/apps/frappe/frappe/model/document.py", line 835, in _validate_links
    frappe.LinkValidationError)
  File "/home/erpnext/frappe-bench/apps/frappe/frappe/__init__.py", line 439, in throw
    msgprint(msg, raise_exception=exc, title=title, indicator='red', is_minimizable=is_minimizable, wide=wide, as_list=as_list)
  File "/home/erpnext/frappe-bench/apps/frappe/frappe/__init__.py", line 418, in msgprint
    _raise_exception()
  File "/home/erpnext/frappe-bench/apps/frappe/frappe/__init__.py", line 372, in _raise_exception
    raise raise_exception(msg)
frappe.exceptions.LinkValidationError: Could not find User Id: sanctity@gmail.com

WARNING	Property: Unknown Property name. [11:3: overflow-wrap]
/home/erpnext/frappe-bench/env/lib/python3.6/site-packages/past/builtins/misc.py:45: DeprecationWarning: the imp module is deprecated in favour of importlib; see the module's documentation for alternative uses
  from imp import reload
/home/erpnext/frappe-bench/env/lib/python3.6/site-packages/past/builtins/misc.py:45: DeprecationWarning: the imp module is deprecated in favour of importlib; see the module's documentation for alternative uses
  from imp import reload
/home/erpnext/frappe-bench/env/lib/python3.6/site-packages/past/builtins/misc.py:45: DeprecationWarning: the imp module is deprecated in favour of importlib; see the module's documentation for alternative uses
  from imp import reload
/home/erpnext/frappe-bench/env/lib/python3.6/site-packages/bleach_whitelist/bleach_whitelist.py:7: DeprecationWarning: bleach-whitelist has been renamed bleach-allowlist. It will not receive further updates under the old name. See https://pypi.org/project/bleach-allowlist
  DeprecationWarning
/home/erpnext/frappe-bench/env/lib/python3.6/site-packages/bleach_whitelist/bleach_whitelist.py:7: DeprecationWarning: bleach-whitelist has been renamed bleach-allowlist. It will not receive further updates under the old name. See https://pypi.org/project/bleach-allowlist
  DeprecationWarning
/home/erpnext/frappe-bench/env/lib/python3.6/site-packages/bleach_whitelist/bleach_whitelist.py:7: DeprecationWarning: bleach-whitelist has been renamed bleach-allowlist. It will not receive further updates under the old name. See https://pypi.org/project/bleach-allowlist
  DeprecationWarning
Exception in thread Thread-1:
Traceback (most recent call last):
  File "/usr/lib/python3.6/threading.py", line 916, in _bootstrap_inner
    self.run()
  File "/home/erpnext/frappe-bench/env/lib/python3.6/site-packages/redis/client.py", line 3719, in run
    timeout=sleep_time)
  File "/home/erpnext/frappe-bench/env/lib/python3.6/site-packages/redis/client.py", line 3617, in get_message
    response = self.parse_response(block=False, timeout=timeout)
  File "/home/erpnext/frappe-bench/env/lib/python3.6/site-packages/redis/client.py", line 3503, in parse_response
    if not block and not conn.can_read(timeout=timeout):
  File "/home/erpnext/frappe-bench/env/lib/python3.6/site-packages/redis/connection.py", line 734, in can_read
    return self._parser.can_read(timeout)
  File "/home/erpnext/frappe-bench/env/lib/python3.6/site-packages/redis/connection.py", line 417, in can_read
    raise_on_timeout=False)
  File "/home/erpnext/frappe-bench/env/lib/python3.6/site-packages/redis/connection.py", line 429, in read_from_socket
    raise ConnectionError(SERVER_CLOSED_CONNECTION_ERROR)
redis.exceptions.ConnectionError: Connection closed by server.

Exception in thread Thread-1:
Traceback (most recent call last):
  File "/usr/lib/python3.6/threading.py", line 916, in _bootstrap_inner
    self.run()
  File "/home/erpnext/frappe-bench/env/lib/python3.6/site-packages/redis/client.py", line 3719, in run
    timeout=sleep_time)
  File "/home/erpnext/frappe-bench/env/lib/python3.6/site-packages/redis/client.py", line 3617, in get_message
    response = self.parse_response(block=False, timeout=timeout)
  File "/home/erpnext/frappe-bench/env/lib/python3.6/site-packages/redis/client.py", line 3503, in parse_response
    if not block and not conn.can_read(timeout=timeout):
  File "/home/erpnext/frappe-bench/env/lib/python3.6/site-packages/redis/connection.py", line 734, in can_read
    return self._parser.can_read(timeout)
  File "/home/erpnext/frappe-bench/env/lib/python3.6/site-packages/redis/connection.py", line 417, in can_read
    raise_on_timeout=False)
  File "/home/erpnext/frappe-bench/env/lib/python3.6/site-packages/redis/connection.py", line 429, in read_from_socket
    raise ConnectionError(SERVER_CLOSED_CONNECTION_ERROR)
redis.exceptions.ConnectionError: Connection closed by server.

Exception in thread Thread-1:
Traceback (most recent call last):
  File "/usr/lib/python3.6/threading.py", line 916, in _bootstrap_inner
    self.run()
  File "/home/erpnext/frappe-bench/env/lib/python3.6/site-packages/redis/client.py", line 3719, in run
    timeout=sleep_time)
  File "/home/erpnext/frappe-bench/env/lib/python3.6/site-packages/redis/client.py", line 3617, in get_message
    response = self.parse_response(block=False, timeout=timeout)
  File "/home/erpnext/frappe-bench/env/lib/python3.6/site-packages/redis/client.py", line 3503, in parse_response
    if not block and not conn.can_read(timeout=timeout):
  File "/home/erpnext/frappe-bench/env/lib/python3.6/site-packages/redis/connection.py", line 734, in can_read
    return self._parser.can_read(timeout)
  File "/home/erpnext/frappe-bench/env/lib/python3.6/site-packages/redis/connection.py", line 417, in can_read
    raise_on_timeout=False)
  File "/home/erpnext/frappe-bench/env/lib/python3.6/site-packages/redis/connection.py", line 429, in read_from_socket
    raise ConnectionError(SERVER_CLOSED_CONNECTION_ERROR)
redis.exceptions.ConnectionError: Connection closed by server.

/home/erpnext/frappe-bench/env/lib/python3.6/site-packages/past/builtins/misc.py:45: DeprecationWarning: the imp module is deprecated in favour of importlib; see the module's documentation for alternative uses
  from imp import reload
/home/erpnext/frappe-bench/env/lib/python3.6/site-packages/past/builtins/misc.py:45: DeprecationWarning: the imp module is deprecated in favour of importlib; see the module's documentation for alternative uses
  from imp import reload
/home/erpnext/frappe-bench/env/lib/python3.6/site-packages/bleach_whitelist/bleach_whitelist.py:7: DeprecationWarning: bleach-whitelist has been renamed bleach-allowlist. It will not receive further updates under the old name. See https://pypi.org/project/bleach-allowlist
  DeprecationWarning
/home/erpnext/frappe-bench/env/lib/python3.6/site-packages/bleach_whitelist/bleach_whitelist.py:7: DeprecationWarning: bleach-whitelist has been renamed bleach-allowlist. It will not receive further updates under the old name. See https://pypi.org/project/bleach-allowlist
  DeprecationWarning
/home/erpnext/frappe-bench/env/lib/python3.6/site-packages/past/builtins/misc.py:45: DeprecationWarning: the imp module is deprecated in favour of importlib; see the module's documentation for alternative uses
  from imp import reload
/home/erpnext/frappe-bench/env/lib/python3.6/site-packages/bleach_whitelist/bleach_whitelist.py:7: DeprecationWarning: bleach-whitelist has been renamed bleach-allowlist. It will not receive further updates under the old name. See https://pypi.org/project/bleach-allowlist
  DeprecationWarning
06:00:31 Traceback (most recent call last):
  File "/home/erpnext/frappe-bench/env/lib/python3.6/site-packages/rq/worker.py", line 1013, in perform_job
    rv = job.perform()
  File "/home/erpnext/frappe-bench/env/lib/python3.6/site-packages/rq/job.py", line 709, in perform
    self._result = self._execute()
  File "/home/erpnext/frappe-bench/env/lib/python3.6/site-packages/rq/job.py", line 732, in _execute
    result = self.func(*self.args, **self.kwargs)
  File "/home/erpnext/frappe-bench/apps/frappe/frappe/utils/background_jobs.py", line 104, in execute_job
    method(**kwargs)
  File "/home/erpnext/frappe-bench/apps/frappe/frappe/core/doctype/user/user.py", line 995, in create_contact
    contact.insert(ignore_permissions=True, ignore_links=ignore_links, ignore_mandatory=ignore_mandatory)
  File "/home/erpnext/frappe-bench/apps/frappe/frappe/model/document.py", line 232, in insert
    self._validate_links()
  File "/home/erpnext/frappe-bench/apps/frappe/frappe/model/document.py", line 835, in _validate_links
    frappe.LinkValidationError)
  File "/home/erpnext/frappe-bench/apps/frappe/frappe/__init__.py", line 439, in throw
    msgprint(msg, raise_exception=exc, title=title, indicator='red', is_minimizable=is_minimizable, wide=wide, as_list=as_list)
  File "/home/erpnext/frappe-bench/apps/frappe/frappe/__init__.py", line 418, in msgprint
    _raise_exception()
  File "/home/erpnext/frappe-bench/apps/frappe/frappe/__init__.py", line 372, in _raise_exception
    raise raise_exception(msg)
frappe.exceptions.LinkValidationError: Could not find User Id: jinsydasp@gmail.com

06:00:33 Traceback (most recent call last):
  File "/home/erpnext/frappe-bench/env/lib/python3.6/site-packages/rq/worker.py", line 1013, in perform_job
    rv = job.perform()
  File "/home/erpnext/frappe-bench/env/lib/python3.6/site-packages/rq/job.py", line 709, in perform
    self._result = self._execute()
  File "/home/erpnext/frappe-bench/env/lib/python3.6/site-packages/rq/job.py", line 732, in _execute
    result = self.func(*self.args, **self.kwargs)
  File "/home/erpnext/frappe-bench/apps/frappe/frappe/utils/background_jobs.py", line 104, in execute_job
    method(**kwargs)
  File "/home/erpnext/frappe-bench/apps/frappe/frappe/core/doctype/user/user.py", line 995, in create_contact
    contact.insert(ignore_permissions=True, ignore_links=ignore_links, ignore_mandatory=ignore_mandatory)
  File "/home/erpnext/frappe-bench/apps/frappe/frappe/model/document.py", line 232, in insert
    self._validate_links()
  File "/home/erpnext/frappe-bench/apps/frappe/frappe/model/document.py", line 835, in _validate_links
    frappe.LinkValidationError)
  File "/home/erpnext/frappe-bench/apps/frappe/frappe/__init__.py", line 439, in throw
    msgprint(msg, raise_exception=exc, title=title, indicator='red', is_minimizable=is_minimizable, wide=wide, as_list=as_list)
  File "/home/erpnext/frappe-bench/apps/frappe/frappe/__init__.py", line 418, in msgprint
    _raise_exception()
  File "/home/erpnext/frappe-bench/apps/frappe/frappe/__init__.py", line 372, in _raise_exception
    raise raise_exception(msg)
frappe.exceptions.LinkValidationError: Could not find User Id: jinsydasp@gmail.com

WARNING	Property: Unknown Property name. [11:3: overflow-wrap]
WARNING	Property: Unknown Property name. [11:3: overflow-wrap]
WARNING	Property: Unknown Property name. [11:3: overflow-wrap]
16:24:08 Traceback (most recent call last):
  File "/home/erpnext/frappe-bench/env/lib/python3.6/site-packages/rq/worker.py", line 1013, in perform_job
    rv = job.perform()
  File "/home/erpnext/frappe-bench/env/lib/python3.6/site-packages/rq/job.py", line 709, in perform
    self._result = self._execute()
  File "/home/erpnext/frappe-bench/env/lib/python3.6/site-packages/rq/job.py", line 732, in _execute
    result = self.func(*self.args, **self.kwargs)
  File "/home/erpnext/frappe-bench/apps/frappe/frappe/utils/background_jobs.py", line 104, in execute_job
    method(**kwargs)
  File "/home/erpnext/frappe-bench/apps/frappe/frappe/core/doctype/user/user.py", line 1022, in create_contact
    contact.save(ignore_permissions=True)
  File "/home/erpnext/frappe-bench/apps/frappe/frappe/model/document.py", line 285, in save
    return self._save(*args, **kwargs)
  File "/home/erpnext/frappe-bench/apps/frappe/frappe/model/document.py", line 316, in _save
    self.check_if_latest()
  File "/home/erpnext/frappe-bench/apps/frappe/frappe/model/document.py", line 731, in check_if_latest
    raise_exception=frappe.TimestampMismatchError)
  File "/home/erpnext/frappe-bench/apps/frappe/frappe/__init__.py", line 418, in msgprint
    _raise_exception()
  File "/home/erpnext/frappe-bench/apps/frappe/frappe/__init__.py", line 372, in _raise_exception
    raise raise_exception(msg)
frappe.exceptions.TimestampMismatchError: Error: Document has been modified after you have opened it (2022-01-16 21:54:07.812948, 2022-01-16 21:54:08.375203). Please refresh to get the latest document.

WARNING	Property: Unknown Property name. [11:3: overflow-wrap]
WARNING	Property: Unknown Property name. [11:3: overflow-wrap]
21:56:45 Traceback (most recent call last):
  File "/home/erpnext/frappe-bench/env/lib/python3.6/site-packages/rq/worker.py", line 1013, in perform_job
    rv = job.perform()
  File "/home/erpnext/frappe-bench/env/lib/python3.6/site-packages/rq/job.py", line 709, in perform
    self._result = self._execute()
  File "/home/erpnext/frappe-bench/env/lib/python3.6/site-packages/rq/job.py", line 732, in _execute
    result = self.func(*self.args, **self.kwargs)
  File "/home/erpnext/frappe-bench/apps/frappe/frappe/utils/background_jobs.py", line 104, in execute_job
    method(**kwargs)
  File "/home/erpnext/frappe-bench/apps/frappe/frappe/core/doctype/user/user.py", line 1022, in create_contact
    contact.save(ignore_permissions=True)
  File "/home/erpnext/frappe-bench/apps/frappe/frappe/model/document.py", line 285, in save
    return self._save(*args, **kwargs)
  File "/home/erpnext/frappe-bench/apps/frappe/frappe/model/document.py", line 316, in _save
    self.check_if_latest()
  File "/home/erpnext/frappe-bench/apps/frappe/frappe/model/document.py", line 731, in check_if_latest
    raise_exception=frappe.TimestampMismatchError)
  File "/home/erpnext/frappe-bench/apps/frappe/frappe/__init__.py", line 418, in msgprint
    _raise_exception()
  File "/home/erpnext/frappe-bench/apps/frappe/frappe/__init__.py", line 372, in _raise_exception
    raise raise_exception(msg)
frappe.exceptions.TimestampMismatchError: Error: Document has been modified after you have opened it (2022-01-17 03:26:44.664003, 2022-01-17 03:26:45.235834). Please refresh to get the latest document.

WARNING	Property: Unknown Property name. [11:3: overflow-wrap]
WARNING	Property: Unknown Property name. [11:3: overflow-wrap]
WARNING	Property: Unknown Property name. [11:3: overflow-wrap]
WARNING	Property: Unknown Property name. [11:3: overflow-wrap]
WARNING	Property: Unknown Property name. [11:3: overflow-wrap]
WARNING	Property: Unknown Property name. [11:3: overflow-wrap]
WARNING	Property: Unknown Property name. [11:3: overflow-wrap]
WARNING	Property: Unknown Property name. [11:3: overflow-wrap]
WARNING	Property: Unknown Property name. [11:3: overflow-wrap]
WARNING	Property: Unknown Property name. [11:3: overflow-wrap]
WARNING	Property: Unknown Property name. [11:3: overflow-wrap]
WARNING	Property: Unknown Property name. [11:3: overflow-wrap]
WARNING	Property: Unknown Property name. [11:3: overflow-wrap]
04:32:10 Traceback (most recent call last):
  File "/home/erpnext/frappe-bench/env/lib/python3.6/site-packages/rq/worker.py", line 1013, in perform_job
    rv = job.perform()
  File "/home/erpnext/frappe-bench/env/lib/python3.6/site-packages/rq/job.py", line 709, in perform
    self._result = self._execute()
  File "/home/erpnext/frappe-bench/env/lib/python3.6/site-packages/rq/job.py", line 732, in _execute
    result = self.func(*self.args, **self.kwargs)
  File "/home/erpnext/frappe-bench/apps/frappe/frappe/utils/background_jobs.py", line 104, in execute_job
    method(**kwargs)
  File "/home/erpnext/frappe-bench/apps/frappe/frappe/core/doctype/user/user.py", line 1022, in create_contact
    contact.save(ignore_permissions=True)
  File "/home/erpnext/frappe-bench/apps/frappe/frappe/model/document.py", line 285, in save
    return self._save(*args, **kwargs)
  File "/home/erpnext/frappe-bench/apps/frappe/frappe/model/document.py", line 316, in _save
    self.check_if_latest()
  File "/home/erpnext/frappe-bench/apps/frappe/frappe/model/document.py", line 731, in check_if_latest
    raise_exception=frappe.TimestampMismatchError)
  File "/home/erpnext/frappe-bench/apps/frappe/frappe/__init__.py", line 418, in msgprint
    _raise_exception()
  File "/home/erpnext/frappe-bench/apps/frappe/frappe/__init__.py", line 372, in _raise_exception
    raise raise_exception(msg)
frappe.exceptions.TimestampMismatchError: Error: Document has been modified after you have opened it (2022-01-18 10:02:09.113707, 2022-01-18 10:02:09.709548). Please refresh to get the latest document.

WARNING	Property: Unknown Property name. [11:3: overflow-wrap]
WARNING	Property: Unknown Property name. [11:3: overflow-wrap]
WARNING	Property: Unknown Property name. [11:3: overflow-wrap]
WARNING	Property: Unknown Property name. [11:3: overflow-wrap]
WARNING	Property: Unknown Property name. [11:3: overflow-wrap]
WARNING	Property: Unknown Property name. [11:3: overflow-wrap]
WARNING	Property: Unknown Property name. [11:3: overflow-wrap]
WARNING	Property: Unknown Property name. [11:3: overflow-wrap]
WARNING	Property: Unknown Property name. [11:3: overflow-wrap]
WARNING	Property: Unknown Property name. [11:3: overflow-wrap]
WARNING	Property: Unknown Property name. [11:3: overflow-wrap]
WARNING	Property: Unknown Property name. [11:3: overflow-wrap]
/home/erpnext/frappe-bench/env/lib/python3.6/site-packages/jinja2/environment.py:1088: DeprecationWarning: 'soft_unicode' has been renamed to 'soft_str'. The old name will be removed in MarkupSafe 2.1.
  return concat(self.root_render_func(self.new_context(vars)))
/home/erpnext/frappe-bench/env/lib/python3.6/site-packages/jinja2/environment.py:1088: DeprecationWarning: 'soft_unicode' has been renamed to 'soft_str'. The old name will be removed in MarkupSafe 2.1.
  return concat(self.root_render_func(self.new_context(vars)))
/home/erpnext/frappe-bench/env/lib/python3.6/site-packages/jinja2/environment.py:1088: DeprecationWarning: 'soft_unicode' has been renamed to 'soft_str'. The old name will be removed in MarkupSafe 2.1.
  return concat(self.root_render_func(self.new_context(vars)))
/home/erpnext/frappe-bench/env/lib/python3.6/site-packages/jinja2/environment.py:1088: DeprecationWarning: 'soft_unicode' has been renamed to 'soft_str'. The old name will be removed in MarkupSafe 2.1.
  return concat(self.root_render_func(self.new_context(vars)))
/home/erpnext/frappe-bench/env/lib/python3.6/site-packages/jinja2/environment.py:1088: DeprecationWarning: 'soft_unicode' has been renamed to 'soft_str'. The old name will be removed in MarkupSafe 2.1.
  return concat(self.root_render_func(self.new_context(vars)))
/home/erpnext/frappe-bench/env/lib/python3.6/site-packages/jinja2/environment.py:1088: DeprecationWarning: 'soft_unicode' has been renamed to 'soft_str'. The old name will be removed in MarkupSafe 2.1.
  return concat(self.root_render_func(self.new_context(vars)))
/home/erpnext/frappe-bench/env/lib/python3.6/site-packages/jinja2/environment.py:1088: DeprecationWarning: 'soft_unicode' has been renamed to 'soft_str'. The old name will be removed in MarkupSafe 2.1.
  return concat(self.root_render_func(self.new_context(vars)))
/home/erpnext/frappe-bench/env/lib/python3.6/site-packages/jinja2/environment.py:1088: DeprecationWarning: 'soft_unicode' has been renamed to 'soft_str'. The old name will be removed in MarkupSafe 2.1.
  return concat(self.root_render_func(self.new_context(vars)))
/home/erpnext/frappe-bench/env/lib/python3.6/site-packages/jinja2/environment.py:1088: DeprecationWarning: 'soft_unicode' has been renamed to 'soft_str'. The old name will be removed in MarkupSafe 2.1.
  return concat(self.root_render_func(self.new_context(vars)))
/home/erpnext/frappe-bench/env/lib/python3.6/site-packages/jinja2/environment.py:1088: DeprecationWarning: 'soft_unicode' has been renamed to 'soft_str'. The old name will be removed in MarkupSafe 2.1.
  return concat(self.root_render_func(self.new_context(vars)))
/home/erpnext/frappe-bench/env/lib/python3.6/site-packages/jinja2/environment.py:1088: DeprecationWarning: 'soft_unicode' has been renamed to 'soft_str'. The old name will be removed in MarkupSafe 2.1.
  return concat(self.root_render_func(self.new_context(vars)))
/home/erpnext/frappe-bench/env/lib/python3.6/site-packages/jinja2/environment.py:1088: DeprecationWarning: 'soft_unicode' has been renamed to 'soft_str'. The old name will be removed in MarkupSafe 2.1.
  return concat(self.root_render_func(self.new_context(vars)))
/home/erpnext/frappe-bench/env/lib/python3.6/site-packages/jinja2/environment.py:1088: DeprecationWarning: 'soft_unicode' has been renamed to 'soft_str'. The old name will be removed in MarkupSafe 2.1.
  return concat(self.root_render_func(self.new_context(vars)))
/home/erpnext/frappe-bench/env/lib/python3.6/site-packages/jinja2/environment.py:1088: DeprecationWarning: 'soft_unicode' has been renamed to 'soft_str'. The old name will be removed in MarkupSafe 2.1.
  return concat(self.root_render_func(self.new_context(vars)))
/home/erpnext/frappe-bench/env/lib/python3.6/site-packages/jinja2/environment.py:1088: DeprecationWarning: 'soft_unicode' has been renamed to 'soft_str'. The old name will be removed in MarkupSafe 2.1.
  return concat(self.root_render_func(self.new_context(vars)))
/home/erpnext/frappe-bench/env/lib/python3.6/site-packages/jinja2/environment.py:1088: DeprecationWarning: 'soft_unicode' has been renamed to 'soft_str'. The old name will be removed in MarkupSafe 2.1.
  return concat(self.root_render_func(self.new_context(vars)))
/home/erpnext/frappe-bench/env/lib/python3.6/site-packages/jinja2/environment.py:1088: DeprecationWarning: 'soft_unicode' has been renamed to 'soft_str'. The old name will be removed in MarkupSafe 2.1.
  return concat(self.root_render_func(self.new_context(vars)))
/home/erpnext/frappe-bench/env/lib/python3.6/site-packages/jinja2/environment.py:1088: DeprecationWarning: 'soft_unicode' has been renamed to 'soft_str'. The old name will be removed in MarkupSafe 2.1.
  return concat(self.root_render_func(self.new_context(vars)))
/home/erpnext/frappe-bench/env/lib/python3.6/site-packages/jinja2/environment.py:1088: DeprecationWarning: 'soft_unicode' has been renamed to 'soft_str'. The old name will be removed in MarkupSafe 2.1.
  return concat(self.root_render_func(self.new_context(vars)))
/home/erpnext/frappe-bench/env/lib/python3.6/site-packages/jinja2/environment.py:1088: DeprecationWarning: 'soft_unicode' has been renamed to 'soft_str'. The old name will be removed in MarkupSafe 2.1.
  return concat(self.root_render_func(self.new_context(vars)))
/home/erpnext/frappe-bench/env/lib/python3.6/site-packages/jinja2/environment.py:1088: DeprecationWarning: 'soft_unicode' has been renamed to 'soft_str'. The old name will be removed in MarkupSafe 2.1.
  return concat(self.root_render_func(self.new_context(vars)))
WARNING	Property: Unknown Property name. [11:3: overflow-wrap]
WARNING	Property: Unknown Property name. [11:3: overflow-wrap]
WARNING	Property: Unknown Property name. [11:3: overflow-wrap]
WARNING	Property: Unknown Property name. [11:3: overflow-wrap]
WARNING	Property: Unknown Property name. [11:3: overflow-wrap]
WARNING	Property: Unknown Property name. [11:3: overflow-wrap]
WARNING	Property: Unknown Property name. [11:3: overflow-wrap]
WARNING	Property: Unknown Property name. [11:3: overflow-wrap]
WARNING	Property: Unknown Property name. [11:3: overflow-wrap]
WARNING	Property: Unknown Property name. [11:3: overflow-wrap]
WARNING	Property: Unknown Property name. [11:3: overflow-wrap]
WARNING	Property: Unknown Property name. [11:3: overflow-wrap]
WARNING	Property: Unknown Property name. [11:3: overflow-wrap]
WARNING	Property: Unknown Property name. [11:3: overflow-wrap]
WARNING	Property: Unknown Property name. [11:3: overflow-wrap]
WARNING	Property: Unknown Property name. [11:3: overflow-wrap]
WARNING	Property: Unknown Property name. [11:3: overflow-wrap]
WARNING	Property: Unknown Property name. [11:3: overflow-wrap]
WARNING	Property: Unknown Property name. [11:3: overflow-wrap]
WARNING	Property: Unknown Property name. [11:3: overflow-wrap]
WARNING	Property: Unknown Property name. [11:3: overflow-wrap]
WARNING	Property: Unknown Property name. [11:3: overflow-wrap]
WARNING	Property: Unknown Property name. [11:3: overflow-wrap]
WARNING	Property: Unknown Property name. [11:3: overflow-wrap]
WARNING	Property: Unknown Property name. [11:3: overflow-wrap]
WARNING	Property: Unknown Property name. [11:3: overflow-wrap]
WARNING	Property: Unknown Property name. [11:3: overflow-wrap]
WARNING	Property: Unknown Property name. [11:3: overflow-wrap]
WARNING	Property: Unknown Property name. [11:3: overflow-wrap]
WARNING	Property: Unknown Property name. [11:3: overflow-wrap]
WARNING	Property: Unknown Property name. [11:3: overflow-wrap]
WARNING	Property: Unknown Property name. [11:3: overflow-wrap]
WARNING	Property: Unknown Property name. [11:3: overflow-wrap]
WARNING	Property: Unknown Property name. [11:3: overflow-wrap]
WARNING	Property: Unknown Property name. [11:3: overflow-wrap]
WARNING	Property: Unknown Property name. [11:3: overflow-wrap]
WARNING	Property: Unknown Property name. [11:3: overflow-wrap]
WARNING	Property: Unknown Property name. [11:3: overflow-wrap]
WARNING	Property: Unknown Property name. [11:3: overflow-wrap]
WARNING	Property: Unknown Property name. [11:3: overflow-wrap]
