2022-01-24 18:35:03,941 DEBUG scheduler Queued events for site erpeaz
2022-01-24 18:36:04,237 DEBUG scheduler Queued events for site erpeaz
2022-01-24 18:37:04,476 DEBUG scheduler Queued events for site erpeaz
2022-01-24 18:38:04,745 DEBUG scheduler Queued events for site erpeaz
2022-01-24 18:39:05,438 INFO scheduler Scheduled Job Start: erpnext.stock.doctype.repost_item_valuation.repost_item_valuation.repost_entries for erpeaz
2022-01-24 18:39:05,594 INFO scheduler Scheduled Job Start: erpnext.hr.doctype.interview.interview.send_daily_feedback_reminder for erpeaz
2022-01-24 18:39:06,506 INFO scheduler Scheduled Job Complete: erpnext.stock.doctype.repost_item_valuation.repost_item_valuation.repost_entries for erpeaz
2022-01-24 18:39:06,543 INFO scheduler Scheduled Job Complete: erpnext.hr.doctype.interview.interview.send_daily_feedback_reminder for erpeaz
2022-01-24 18:39:06,862 INFO scheduler Scheduled Job Start: erpnext.crm.doctype.lead.lead.daily_open_lead for erpeaz
2022-01-24 18:39:06,887 INFO scheduler Scheduled Job Start: erpnext.non_profit.doctype.membership.membership.set_expired_status for erpeaz
2022-01-24 18:39:07,719 INFO scheduler Scheduled Job Complete: erpnext.non_profit.doctype.membership.membership.set_expired_status for erpeaz
2022-01-24 18:39:08,058 INFO scheduler Scheduled Job Start: erpnext.accounts.doctype.process_statement_of_accounts.process_statement_of_accounts.send_auto_email for erpeaz
2022-01-24 18:39:08,101 INFO scheduler Scheduled Job Complete: erpnext.crm.doctype.lead.lead.daily_open_lead for erpeaz
2022-01-24 18:39:08,465 INFO scheduler Scheduled Job Start: erpnext.loan_management.doctype.process_loan_interest_accrual.process_loan_interest_accrual.process_loan_interest_accrual_for_term_loans for erpeaz
2022-01-24 18:39:08,888 DEBUG scheduler Queued events for site erpeaz
2022-01-24 18:39:09,115 INFO scheduler Scheduled Job Complete: erpnext.accounts.doctype.process_statement_of_accounts.process_statement_of_accounts.send_auto_email for erpeaz
2022-01-24 18:39:09,470 INFO scheduler Scheduled Job Start: erpnext.buying.doctype.supplier_quotation.supplier_quotation.set_expired_status for erpeaz
2022-01-24 18:39:09,534 INFO scheduler Scheduled Job Complete: erpnext.loan_management.doctype.process_loan_interest_accrual.process_loan_interest_accrual.process_loan_interest_accrual_for_term_loans for erpeaz
2022-01-24 18:39:09,754 INFO scheduler Scheduled Job Start: erpnext.loan_management.doctype.process_loan_security_shortfall.process_loan_security_shortfall.create_process_loan_security_shortfall for erpeaz
2022-01-24 18:39:10,156 INFO scheduler Scheduled Job Complete: erpnext.buying.doctype.supplier_quotation.supplier_quotation.set_expired_status for erpeaz
2022-01-24 18:39:10,260 INFO scheduler Scheduled Job Complete: erpnext.loan_management.doctype.process_loan_security_shortfall.process_loan_security_shortfall.create_process_loan_security_shortfall for erpeaz
2022-01-24 18:39:10,365 INFO scheduler Scheduled Job Start: erpnext.healthcare.doctype.patient_appointment.patient_appointment.update_appointment_status for erpeaz
2022-01-24 18:39:10,501 INFO scheduler Scheduled Job Start: erpnext.hr.utils.allocate_earned_leaves for erpeaz
2022-01-24 18:39:10,897 INFO scheduler Scheduled Job Failed: erpnext.healthcare.doctype.patient_appointment.patient_appointment.update_appointment_status for erpeaz
2022-01-24 18:39:11,065 INFO scheduler Scheduled Job Complete: erpnext.hr.utils.allocate_earned_leaves for erpeaz
2022-01-24 18:39:11,120 INFO scheduler Scheduled Job Start: erpnext.selling.doctype.quotation.quotation.set_expired_status for erpeaz
2022-01-24 18:39:11,277 INFO scheduler Scheduled Job Start: erpnext.hr.utils.generate_leave_encashment for erpeaz
2022-01-24 18:39:11,817 INFO scheduler Scheduled Job Complete: erpnext.hr.utils.generate_leave_encashment for erpeaz
2022-01-24 18:39:11,819 INFO scheduler Scheduled Job Complete: erpnext.selling.doctype.quotation.quotation.set_expired_status for erpeaz
2022-01-24 18:39:12,049 INFO scheduler Scheduled Job Start: erpnext.hr.doctype.leave_ledger_entry.leave_ledger_entry.process_expired_allocation for erpeaz
2022-01-24 18:39:12,050 INFO scheduler Scheduled Job Start: erpnext.crm.doctype.email_campaign.email_campaign.set_email_campaign_status for erpeaz
2022-01-24 18:39:12,555 INFO scheduler Scheduled Job Complete: erpnext.hr.doctype.leave_ledger_entry.leave_ledger_entry.process_expired_allocation for erpeaz
2022-01-24 18:39:12,656 INFO scheduler Scheduled Job Complete: erpnext.crm.doctype.email_campaign.email_campaign.set_email_campaign_status for erpeaz
2022-01-24 18:39:12,797 INFO scheduler Scheduled Job Start: erpnext.manufacturing.doctype.bom_update_tool.bom_update_tool.update_latest_price_in_all_boms for erpeaz
2022-01-24 18:39:12,873 INFO scheduler Scheduled Job Start: erpnext.crm.doctype.email_campaign.email_campaign.send_email_to_leads_or_contacts for erpeaz
2022-01-24 18:39:13,428 INFO scheduler Scheduled Job Complete: erpnext.manufacturing.doctype.bom_update_tool.bom_update_tool.update_latest_price_in_all_boms for erpeaz
2022-01-24 18:39:13,434 INFO scheduler Scheduled Job Complete: erpnext.crm.doctype.email_campaign.email_campaign.send_email_to_leads_or_contacts for erpeaz
2022-01-24 18:39:13,658 INFO scheduler Scheduled Job Start: erpnext.setup.doctype.email_digest.email_digest.send for erpeaz
2022-01-24 18:39:13,670 INFO scheduler Scheduled Job Start: erpnext.support.doctype.service_level_agreement.service_level_agreement.check_agreement_status for erpeaz
2022-01-24 18:39:14,248 INFO scheduler Scheduled Job Complete: erpnext.support.doctype.service_level_agreement.service_level_agreement.check_agreement_status for erpeaz
2022-01-24 18:39:14,469 INFO scheduler Scheduled Job Start: erpnext.quality_management.doctype.quality_review.quality_review.review for erpeaz
2022-01-24 18:39:15,032 INFO scheduler Scheduled Job Complete: erpnext.quality_management.doctype.quality_review.quality_review.review for erpeaz
2022-01-24 18:39:15,241 INFO scheduler Scheduled Job Start: erpnext.projects.doctype.project.project.send_project_status_email_to_users for erpeaz
2022-01-24 18:39:15,908 INFO scheduler Scheduled Job Complete: erpnext.projects.doctype.project.project.send_project_status_email_to_users for erpeaz
2022-01-24 18:39:16,125 INFO scheduler Scheduled Job Start: erpnext.projects.doctype.project.project.update_project_sales_billing for erpeaz
2022-01-24 18:39:16,155 INFO scheduler Scheduled Job Complete: erpnext.setup.doctype.email_digest.email_digest.send for erpeaz
2022-01-24 18:39:16,361 INFO scheduler Scheduled Job Start: frappe.integrations.doctype.google_drive.google_drive.daily_backup for erpeaz
2022-01-24 18:39:16,748 INFO scheduler Scheduled Job Complete: erpnext.projects.doctype.project.project.update_project_sales_billing for erpeaz
2022-01-24 18:39:16,991 INFO scheduler Scheduled Job Start: erpnext.crm.doctype.contract.contract.update_status_for_contracts for erpeaz
2022-01-24 18:39:17,500 INFO scheduler Scheduled Job Complete: frappe.integrations.doctype.google_drive.google_drive.daily_backup for erpeaz
2022-01-24 18:39:17,542 INFO scheduler Scheduled Job Complete: erpnext.crm.doctype.contract.contract.update_status_for_contracts for erpeaz
2022-01-24 18:39:17,717 INFO scheduler Scheduled Job Start: frappe.integrations.doctype.s3_backup_settings.s3_backup_settings.take_backups_daily for erpeaz
2022-01-24 18:39:17,765 INFO scheduler Scheduled Job Start: erpnext.assets.doctype.asset.asset.make_post_gl_entry for erpeaz
2022-01-24 18:39:18,404 INFO scheduler Scheduled Job Complete: frappe.integrations.doctype.s3_backup_settings.s3_backup_settings.take_backups_daily for erpeaz
2022-01-24 18:39:18,468 INFO scheduler Scheduled Job Complete: erpnext.assets.doctype.asset.asset.make_post_gl_entry for erpeaz
2022-01-24 18:39:18,618 INFO scheduler Scheduled Job Start: frappe.utils.change_log.check_for_update for erpeaz
2022-01-24 18:39:18,681 INFO scheduler Scheduled Job Start: erpnext.assets.doctype.asset.asset.update_maintenance_status for erpeaz
2022-01-24 18:39:19,413 INFO scheduler Scheduled Job Complete: erpnext.assets.doctype.asset.asset.update_maintenance_status for erpeaz
2022-01-24 18:39:19,582 INFO scheduler Scheduled Job Complete: frappe.utils.change_log.check_for_update for erpeaz
2022-01-24 18:39:19,620 INFO scheduler Scheduled Job Start: erpnext.setup.doctype.company.company.cache_companies_monthly_sales_history for erpeaz
2022-01-24 18:39:19,801 INFO scheduler Scheduled Job Start: frappe.integrations.doctype.dropbox_settings.dropbox_settings.take_backups_daily for erpeaz
2022-01-24 18:39:20,239 INFO scheduler Scheduled Job Complete: erpnext.setup.doctype.company.company.cache_companies_monthly_sales_history for erpeaz
2022-01-24 18:39:20,454 INFO scheduler Scheduled Job Start: erpnext.buying.doctype.supplier_scorecard.supplier_scorecard.refresh_scorecards for erpeaz
2022-01-24 18:39:20,844 INFO scheduler Scheduled Job Complete: frappe.integrations.doctype.dropbox_settings.dropbox_settings.take_backups_daily for erpeaz
2022-01-24 18:39:20,907 INFO scheduler Scheduled Job Complete: erpnext.buying.doctype.supplier_scorecard.supplier_scorecard.refresh_scorecards for erpeaz
2022-01-24 18:39:21,012 INFO scheduler Scheduled Job Start: erpnext.stock.doctype.serial_no.serial_no.update_maintenance_status for erpeaz
2022-01-24 18:39:21,364 INFO scheduler Scheduled Job Complete: erpnext.stock.doctype.serial_no.serial_no.update_maintenance_status for erpeaz
2022-01-24 18:39:21,468 INFO scheduler Scheduled Job Start: erpnext.hr.doctype.daily_work_summary_group.daily_work_summary_group.send_summary for erpeaz
2022-01-24 18:39:21,731 INFO scheduler Scheduled Job Complete: erpnext.hr.doctype.daily_work_summary_group.daily_work_summary_group.send_summary for erpeaz
2022-01-24 18:39:21,836 INFO scheduler Scheduled Job Start: erpnext.assets.doctype.asset.depreciation.post_depreciation_entries for erpeaz
2022-01-24 18:39:22,083 INFO scheduler Scheduled Job Complete: erpnext.assets.doctype.asset.depreciation.post_depreciation_entries for erpeaz
2022-01-24 18:39:22,217 INFO scheduler Scheduled Job Start: erpnext.projects.doctype.task.task.set_tasks_as_overdue for erpeaz
2022-01-24 18:39:22,490 INFO scheduler Scheduled Job Complete: erpnext.projects.doctype.task.task.set_tasks_as_overdue for erpeaz
2022-01-24 18:39:22,594 INFO scheduler Scheduled Job Start: erpnext.hr.doctype.employee.employee_reminders.send_birthday_reminders for erpeaz
2022-01-24 18:39:22,839 INFO scheduler Scheduled Job Complete: erpnext.hr.doctype.employee.employee_reminders.send_birthday_reminders for erpeaz
2022-01-24 18:39:22,944 INFO scheduler Scheduled Job Start: erpnext.hr.doctype.employee.employee_reminders.send_work_anniversary_reminders for erpeaz
2022-01-24 18:39:23,209 INFO scheduler Scheduled Job Complete: erpnext.hr.doctype.employee.employee_reminders.send_work_anniversary_reminders for erpeaz
2022-01-24 18:39:23,317 INFO scheduler Scheduled Job Start: erpnext.accounts.doctype.fiscal_year.fiscal_year.auto_create_fiscal_year for erpeaz
2022-01-24 18:39:23,568 INFO scheduler Scheduled Job Complete: erpnext.accounts.doctype.fiscal_year.fiscal_year.auto_create_fiscal_year for erpeaz
2022-01-24 18:39:23,671 INFO scheduler Scheduled Job Start: erpnext.controllers.accounts_controller.update_invoice_status for erpeaz
2022-01-24 18:39:23,993 INFO scheduler Scheduled Job Complete: erpnext.controllers.accounts_controller.update_invoice_status for erpeaz
2022-01-24 18:39:24,101 INFO scheduler Scheduled Job Start: erpnext.crm.doctype.opportunity.opportunity.auto_close_opportunity for erpeaz
2022-01-24 18:39:24,391 INFO scheduler Scheduled Job Complete: erpnext.crm.doctype.opportunity.opportunity.auto_close_opportunity for erpeaz
2022-01-24 18:39:24,495 INFO scheduler Scheduled Job Start: erpnext.support.doctype.issue.issue.auto_close_tickets for erpeaz
2022-01-24 18:39:24,734 INFO scheduler Scheduled Job Complete: erpnext.support.doctype.issue.issue.auto_close_tickets for erpeaz
2022-01-24 18:39:24,836 INFO scheduler Scheduled Job Start: erpnext.stock.reorder_item.reorder_item for erpeaz
2022-01-24 18:39:25,081 INFO scheduler Scheduled Job Complete: erpnext.stock.reorder_item.reorder_item for erpeaz
2022-01-24 18:39:25,184 INFO scheduler Scheduled Job Start: erpnext.erpnext_integrations.connectors.shopify_connection.sync_old_orders for erpeaz
2022-01-24 18:39:25,562 INFO scheduler Scheduled Job Complete: erpnext.erpnext_integrations.connectors.shopify_connection.sync_old_orders for erpeaz
2022-01-24 18:39:25,667 INFO scheduler Scheduled Job Start: erpnext.support.doctype.issue.issue.set_service_level_agreement_variance for erpeaz
2022-01-24 18:39:25,936 INFO scheduler Scheduled Job Complete: erpnext.support.doctype.issue.issue.set_service_level_agreement_variance for erpeaz
2022-01-24 18:39:26,040 INFO scheduler Scheduled Job Start: erpnext.hr.doctype.shift_type.shift_type.process_auto_attendance_for_all_shifts for erpeaz
2022-01-24 18:39:26,318 INFO scheduler Scheduled Job Complete: erpnext.hr.doctype.shift_type.shift_type.process_auto_attendance_for_all_shifts for erpeaz
2022-01-24 18:39:26,445 INFO scheduler Scheduled Job Start: erpnext.projects.doctype.project.project.collect_project_status for erpeaz
2022-01-24 18:39:26,766 INFO scheduler Scheduled Job Complete: erpnext.projects.doctype.project.project.collect_project_status for erpeaz
2022-01-24 18:39:26,871 INFO scheduler Scheduled Job Start: erpnext.projects.doctype.project.project.hourly_reminder for erpeaz
2022-01-24 18:39:27,202 INFO scheduler Scheduled Job Complete: erpnext.projects.doctype.project.project.hourly_reminder for erpeaz
2022-01-24 18:39:27,307 INFO scheduler Scheduled Job Start: erpnext.erpnext_integrations.doctype.plaid_settings.plaid_settings.automatic_synchronization for erpeaz
2022-01-24 18:39:27,680 INFO scheduler Scheduled Job Complete: erpnext.erpnext_integrations.doctype.plaid_settings.plaid_settings.automatic_synchronization for erpeaz
2022-01-24 18:39:27,782 INFO scheduler Scheduled Job Start: erpnext.accounts.doctype.gl_entry.gl_entry.rename_gle_sle_docs for erpeaz
2022-01-24 18:39:28,073 INFO scheduler Scheduled Job Complete: erpnext.accounts.doctype.gl_entry.gl_entry.rename_gle_sle_docs for erpeaz
2022-01-24 18:39:28,181 INFO scheduler Scheduled Job Start: erpnext.erpnext_integrations.doctype.amazon_mws_settings.amazon_mws_settings.schedule_get_order_details for erpeaz
2022-01-24 18:39:28,445 INFO scheduler Scheduled Job Complete: erpnext.erpnext_integrations.doctype.amazon_mws_settings.amazon_mws_settings.schedule_get_order_details for erpeaz
2022-01-24 18:39:28,555 INFO scheduler Scheduled Job Start: erpnext.accounts.doctype.subscription.subscription.process_all for erpeaz
2022-01-24 18:39:28,846 INFO scheduler Scheduled Job Complete: erpnext.accounts.doctype.subscription.subscription.process_all for erpeaz
2022-01-24 18:39:28,949 INFO scheduler Scheduled Job Start: erpnext.hr.doctype.daily_work_summary_group.daily_work_summary_group.trigger_emails for erpeaz
2022-01-24 18:39:29,193 INFO scheduler Scheduled Job Complete: erpnext.hr.doctype.daily_work_summary_group.daily_work_summary_group.trigger_emails for erpeaz
2022-01-24 18:39:29,299 INFO scheduler Scheduled Job Start: erpnext.crm.doctype.social_media_post.social_media_post.process_scheduled_social_media_posts for erpeaz
2022-01-24 18:39:29,550 INFO scheduler Scheduled Job Complete: erpnext.crm.doctype.social_media_post.social_media_post.process_scheduled_social_media_posts for erpeaz
2022-01-24 18:39:29,648 INFO scheduler Scheduled Job Start: erpnext.hr.doctype.interview.interview.send_interview_reminder for erpeaz
2022-01-24 18:39:29,879 INFO scheduler Scheduled Job Complete: erpnext.hr.doctype.interview.interview.send_interview_reminder for erpeaz
2022-01-24 18:39:29,977 INFO scheduler Scheduled Job Start: erpnext.healthcare.doctype.patient_appointment.patient_appointment.send_appointment_reminder for erpeaz
2022-01-24 18:39:30,234 INFO scheduler Scheduled Job Complete: erpnext.healthcare.doctype.patient_appointment.patient_appointment.send_appointment_reminder for erpeaz
2022-01-24 18:39:30,333 INFO scheduler Scheduled Job Start: erpnext.projects.doctype.project.project.project_status_update_reminder for erpeaz
2022-01-24 18:39:30,647 INFO scheduler Scheduled Job Complete: erpnext.projects.doctype.project.project.project_status_update_reminder for erpeaz
2022-01-24 18:39:30,745 INFO scheduler Scheduled Job Start: erpnext.utilities.doctype.video.video.update_youtube_data for erpeaz
2022-01-24 18:39:31,086 INFO scheduler Scheduled Job Failed: erpnext.utilities.doctype.video.video.update_youtube_data for erpeaz
2022-01-24 18:39:31,191 INFO scheduler Scheduled Job Start: frappe.core.doctype.log_settings.log_settings.run_log_clean_up for erpeaz
2022-01-24 18:39:31,449 INFO scheduler Scheduled Job Complete: frappe.core.doctype.log_settings.log_settings.run_log_clean_up for erpeaz
2022-01-24 18:39:31,552 INFO scheduler Scheduled Job Start: frappe.core.doctype.prepared_report.prepared_report.delete_expired_prepared_reports for erpeaz
2022-01-24 18:39:31,850 INFO scheduler Scheduled Job Complete: frappe.core.doctype.prepared_report.prepared_report.delete_expired_prepared_reports for erpeaz
2022-01-24 18:39:31,956 INFO scheduler Scheduled Job Start: frappe.email.doctype.unhandled_email.unhandled_email.remove_old_unhandled_emails for erpeaz
2022-01-24 18:39:32,195 INFO scheduler Scheduled Job Complete: frappe.email.doctype.unhandled_email.unhandled_email.remove_old_unhandled_emails for erpeaz
2022-01-24 18:39:32,300 INFO scheduler Scheduled Job Start: frappe.automation.doctype.auto_repeat.auto_repeat.set_auto_repeat_as_completed for erpeaz
2022-01-24 18:39:32,576 INFO scheduler Scheduled Job Complete: frappe.automation.doctype.auto_repeat.auto_repeat.set_auto_repeat_as_completed for erpeaz
2022-01-24 18:39:32,705 INFO scheduler Scheduled Job Start: frappe.automation.doctype.auto_repeat.auto_repeat.make_auto_repeat_entry for erpeaz
2022-01-24 18:39:32,994 INFO scheduler Scheduled Job Complete: frappe.automation.doctype.auto_repeat.auto_repeat.make_auto_repeat_entry for erpeaz
2022-01-24 18:39:33,099 INFO scheduler Scheduled Job Start: frappe.integrations.doctype.google_contacts.google_contacts.sync for erpeaz
2022-01-24 18:39:33,645 INFO scheduler Scheduled Job Complete: frappe.integrations.doctype.google_contacts.google_contacts.sync for erpeaz
2022-01-24 18:39:33,775 INFO scheduler Scheduled Job Start: frappe.social.doctype.energy_point_settings.energy_point_settings.allocate_review_points for erpeaz
2022-01-24 18:39:34,016 INFO scheduler Scheduled Job Complete: frappe.social.doctype.energy_point_settings.energy_point_settings.allocate_review_points for erpeaz
2022-01-24 18:39:34,123 INFO scheduler Scheduled Job Start: frappe.desk.form.document_follow.send_daily_updates for erpeaz
2022-01-24 18:39:34,387 INFO scheduler Scheduled Job Complete: frappe.desk.form.document_follow.send_daily_updates for erpeaz
2022-01-24 18:39:34,493 INFO scheduler Scheduled Job Start: frappe.website.doctype.personal_data_deletion_request.personal_data_deletion_request.remove_unverified_record for erpeaz
2022-01-24 18:39:34,759 INFO scheduler Scheduled Job Complete: frappe.website.doctype.personal_data_deletion_request.personal_data_deletion_request.remove_unverified_record for erpeaz
2022-01-24 18:39:34,863 INFO scheduler Scheduled Job Start: frappe.email.doctype.auto_email_report.auto_email_report.send_daily for erpeaz
2022-01-24 18:39:35,346 INFO scheduler Scheduled Job Complete: frappe.email.doctype.auto_email_report.auto_email_report.send_daily for erpeaz
2022-01-24 18:39:35,454 INFO scheduler Scheduled Job Start: frappe.utils.scheduler.restrict_scheduler_events_if_dormant for erpeaz
2022-01-24 18:39:35,694 INFO scheduler Scheduled Job Failed: frappe.utils.scheduler.restrict_scheduler_events_if_dormant for erpeaz
2022-01-24 18:39:35,827 INFO scheduler Scheduled Job Start: frappe.email.doctype.notification.notification.trigger_daily_alerts for erpeaz
2022-01-24 18:39:36,099 INFO scheduler Scheduled Job Complete: frappe.email.doctype.notification.notification.trigger_daily_alerts for erpeaz
2022-01-24 18:39:36,204 INFO scheduler Scheduled Job Start: frappe.sessions.clear_expired_sessions for erpeaz
2022-01-24 18:39:36,440 INFO scheduler Scheduled Job Complete: frappe.sessions.clear_expired_sessions for erpeaz
2022-01-24 18:39:36,544 INFO scheduler Scheduled Job Start: frappe.desk.doctype.event.event.send_event_digest for erpeaz
2022-01-24 18:39:36,840 INFO scheduler Scheduled Job Complete: frappe.desk.doctype.event.event.send_event_digest for erpeaz
2022-01-24 18:39:36,945 INFO scheduler Scheduled Job Start: frappe.core.doctype.error_log.error_log.set_old_logs_as_seen for erpeaz
2022-01-24 18:39:37,184 INFO scheduler Scheduled Job Complete: frappe.core.doctype.error_log.error_log.set_old_logs_as_seen for erpeaz
2022-01-24 18:39:37,289 INFO scheduler Scheduled Job Start: frappe.desk.notifications.clear_notifications for erpeaz
2022-01-24 18:39:37,540 INFO scheduler Scheduled Job Complete: frappe.desk.notifications.clear_notifications for erpeaz
2022-01-24 18:39:37,644 INFO scheduler Scheduled Job Start: frappe.email.queue.set_expiry_for_email_queue for erpeaz
2022-01-24 18:39:37,922 INFO scheduler Scheduled Job Complete: frappe.email.queue.set_expiry_for_email_queue for erpeaz
2022-01-24 18:39:38,029 INFO scheduler Scheduled Job Start: frappe.email.doctype.newsletter.newsletter.send_scheduled_email for erpeaz
2022-01-24 18:39:38,350 INFO scheduler Scheduled Job Complete: frappe.email.doctype.newsletter.newsletter.send_scheduled_email for erpeaz
2022-01-24 18:39:38,454 INFO scheduler Scheduled Job Start: frappe.integrations.doctype.google_calendar.google_calendar.sync for erpeaz
2022-01-24 18:39:39,017 INFO scheduler Scheduled Job Complete: frappe.integrations.doctype.google_calendar.google_calendar.sync for erpeaz
2022-01-24 18:39:39,122 INFO scheduler Scheduled Job Start: frappe.desk.form.document_follow.send_hourly_updates for erpeaz
2022-01-24 18:39:39,385 INFO scheduler Scheduled Job Complete: frappe.desk.form.document_follow.send_hourly_updates for erpeaz
2022-01-24 18:39:39,488 INFO scheduler Scheduled Job Start: frappe.deferred_insert.save_to_db for erpeaz
2022-01-24 18:39:39,726 INFO scheduler Scheduled Job Complete: frappe.deferred_insert.save_to_db for erpeaz
2022-01-24 18:39:39,832 INFO scheduler Scheduled Job Start: frappe.desk.page.backups.backups.delete_downloadable_backups for erpeaz
2022-01-24 18:39:40,112 INFO scheduler Scheduled Job Complete: frappe.desk.page.backups.backups.delete_downloadable_backups for erpeaz
2022-01-24 18:39:40,222 INFO scheduler Scheduled Job Start: frappe.utils.error.collect_error_snapshots for erpeaz
2022-01-24 18:39:40,473 INFO scheduler Scheduled Job Complete: frappe.utils.error.collect_error_snapshots for erpeaz
2022-01-24 18:39:40,580 INFO scheduler Scheduled Job Start: frappe.model.utils.user_settings.sync_user_settings for erpeaz
2022-01-24 18:39:40,824 INFO scheduler Scheduled Job Complete: frappe.model.utils.user_settings.sync_user_settings for erpeaz
2022-01-24 18:39:40,931 INFO scheduler Scheduled Job Start: frappe.model.utils.link_count.update_link_count for erpeaz
2022-01-24 18:39:41,205 INFO scheduler Scheduled Job Complete: frappe.model.utils.link_count.update_link_count for erpeaz
2022-01-24 18:39:41,313 INFO scheduler Scheduled Job Start: frappe.monitor.flush for erpeaz
2022-01-24 18:39:41,515 INFO scheduler Scheduled Job Complete: frappe.monitor.flush for erpeaz
2022-01-24 18:39:41,615 INFO scheduler Scheduled Job Start: frappe.utils.global_search.sync_global_search for erpeaz
2022-01-24 18:39:41,814 INFO scheduler Scheduled Job Complete: frappe.utils.global_search.sync_global_search for erpeaz
2022-01-24 18:39:41,914 INFO scheduler Scheduled Job Start: frappe.integrations.doctype.razorpay_settings.razorpay_settings.capture_payment for erpeaz
2022-01-24 18:39:42,286 INFO scheduler Scheduled Job Complete: frappe.integrations.doctype.razorpay_settings.razorpay_settings.capture_payment for erpeaz
2022-01-24 18:39:42,383 INFO scheduler Scheduled Job Start: frappe.email.doctype.email_account.email_account.notify_unreplied for erpeaz
2022-01-24 18:39:42,636 INFO scheduler Scheduled Job Complete: frappe.email.doctype.email_account.email_account.notify_unreplied for erpeaz
2022-01-24 18:39:42,734 INFO scheduler Scheduled Job Start: frappe.email.doctype.email_account.email_account.pull for erpeaz
2022-01-24 18:39:42,999 INFO scheduler Scheduled Job Complete: frappe.email.doctype.email_account.email_account.pull for erpeaz
2022-01-24 18:39:43,221 INFO scheduler Scheduled Job Start: frappe.email.queue.flush for erpeaz
2022-01-24 18:39:43,714 INFO scheduler Scheduled Job Complete: frappe.email.queue.flush for erpeaz
2022-01-24 18:39:43,816 INFO scheduler Scheduled Job Start: frappe.twofactor.delete_all_barcodes_for_users for erpeaz
2022-01-24 18:39:44,094 INFO scheduler Scheduled Job Complete: frappe.twofactor.delete_all_barcodes_for_users for erpeaz
2022-01-24 18:39:44,227 INFO scheduler Scheduled Job Start: frappe.website.doctype.web_page.web_page.check_publish_status for erpeaz
2022-01-24 18:39:44,545 INFO scheduler Scheduled Job Complete: frappe.website.doctype.web_page.web_page.check_publish_status for erpeaz
2022-01-24 18:39:44,654 INFO scheduler Scheduled Job Start: frappe.oauth.delete_oauth2_data for erpeaz
2022-01-24 18:39:44,946 INFO scheduler Scheduled Job Complete: frappe.oauth.delete_oauth2_data for erpeaz
2022-01-24 18:40:09,557 DEBUG scheduler Queued events for site erpeaz
2022-01-24 18:41:09,818 DEBUG scheduler Queued events for site erpeaz
2022-01-24 18:42:10,082 DEBUG scheduler Queued events for site erpeaz
2022-01-24 18:43:10,475 DEBUG scheduler Queued events for site erpeaz
2022-01-24 18:44:10,722 DEBUG scheduler Queued events for site erpeaz
2022-01-24 18:45:10,973 DEBUG scheduler Queued events for site erpeaz
2022-01-24 18:46:11,226 DEBUG scheduler Queued events for site erpeaz
2022-01-24 18:47:11,637 DEBUG scheduler Queued events for site erpeaz
2022-01-24 18:48:11,897 DEBUG scheduler Queued events for site erpeaz
2022-01-24 18:49:12,147 DEBUG scheduler Queued events for site erpeaz
2022-01-24 18:50:12,411 DEBUG scheduler Queued events for site erpeaz
2022-01-24 18:51:12,833 DEBUG scheduler Queued events for site erpeaz
2022-01-24 18:52:13,100 DEBUG scheduler Queued events for site erpeaz
2022-01-24 18:53:13,349 DEBUG scheduler Queued events for site erpeaz
2022-01-24 18:54:13,598 DEBUG scheduler Queued events for site erpeaz
2022-01-24 18:55:14,001 DEBUG scheduler Queued events for site erpeaz
2022-01-24 18:56:14,264 DEBUG scheduler Queued events for site erpeaz
2022-01-24 18:57:14,526 DEBUG scheduler Queued events for site erpeaz
2022-01-24 18:58:14,802 DEBUG scheduler Queued events for site erpeaz
2022-01-24 18:59:15,231 DEBUG scheduler Queued events for site erpeaz
2022-01-24 19:00:15,493 DEBUG scheduler Queued events for site erpeaz
2022-01-24 19:01:15,848 DEBUG scheduler Queued events for site erpeaz
2022-01-24 19:02:16,083 DEBUG scheduler Queued events for site erpeaz
2022-01-24 19:03:16,513 DEBUG scheduler Queued events for site erpeaz
2022-01-24 19:04:16,761 DEBUG scheduler Queued events for site erpeaz
2022-01-24 19:05:17,027 DEBUG scheduler Queued events for site erpeaz
2022-01-24 19:06:17,286 DEBUG scheduler Queued events for site erpeaz
2022-01-24 19:07:17,667 DEBUG scheduler Queued events for site erpeaz
2022-01-24 19:08:17,944 DEBUG scheduler Queued events for site erpeaz
2022-01-24 19:09:18,189 DEBUG scheduler Queued events for site erpeaz
2022-01-24 19:10:18,448 DEBUG scheduler Queued events for site erpeaz
2022-01-24 19:11:18,855 DEBUG scheduler Queued events for site erpeaz
2022-01-24 19:12:19,118 DEBUG scheduler Queued events for site erpeaz
2022-01-24 19:13:19,394 DEBUG scheduler Queued events for site erpeaz
2022-01-24 19:14:19,655 DEBUG scheduler Queued events for site erpeaz
2022-01-24 19:15:20,061 DEBUG scheduler Queued events for site erpeaz
2022-01-24 19:16:20,345 DEBUG scheduler Queued events for site erpeaz
2022-01-24 19:17:20,587 DEBUG scheduler Queued events for site erpeaz
2022-01-24 19:18:20,848 DEBUG scheduler Queued events for site erpeaz
2022-01-24 19:19:21,254 DEBUG scheduler Queued events for site erpeaz
2022-01-24 19:20:21,523 DEBUG scheduler Queued events for site erpeaz
2022-01-24 19:21:21,785 DEBUG scheduler Queued events for site erpeaz
2022-01-24 19:22:22,058 DEBUG scheduler Queued events for site erpeaz
2022-01-24 19:23:22,460 DEBUG scheduler Queued events for site erpeaz
2022-01-24 19:24:22,722 DEBUG scheduler Queued events for site erpeaz
2022-01-24 19:25:22,991 DEBUG scheduler Queued events for site erpeaz
2022-01-24 19:26:23,261 DEBUG scheduler Queued events for site erpeaz
2022-01-24 19:27:23,695 DEBUG scheduler Queued events for site erpeaz
2022-01-24 19:28:23,954 DEBUG scheduler Queued events for site erpeaz
2022-01-24 19:29:24,217 DEBUG scheduler Queued events for site erpeaz
2022-01-24 19:30:24,496 DEBUG scheduler Queued events for site erpeaz
2022-01-24 19:31:25,633 DEBUG scheduler Queued events for site erpeaz
2022-01-24 19:32:25,902 DEBUG scheduler Queued events for site erpeaz
2022-01-24 19:33:26,163 DEBUG scheduler Queued events for site erpeaz
2022-01-24 19:34:26,417 DEBUG scheduler Queued events for site erpeaz
2022-01-24 19:35:26,788 DEBUG scheduler Queued events for site erpeaz
2022-01-24 19:36:27,051 DEBUG scheduler Queued events for site erpeaz
2022-01-24 19:37:27,280 DEBUG scheduler Queued events for site erpeaz
2022-01-24 19:38:27,540 DEBUG scheduler Queued events for site erpeaz
2022-01-24 19:39:27,948 DEBUG scheduler Queued events for site erpeaz
2022-01-24 19:40:28,198 DEBUG scheduler Queued events for site erpeaz
2022-01-24 19:41:28,463 DEBUG scheduler Queued events for site erpeaz
2022-01-24 19:42:28,724 DEBUG scheduler Queued events for site erpeaz
2022-01-24 19:43:29,130 DEBUG scheduler Queued events for site erpeaz
2022-01-24 19:44:29,391 DEBUG scheduler Queued events for site erpeaz
2022-01-24 19:45:29,659 DEBUG scheduler Queued events for site erpeaz
2022-01-24 19:46:29,936 DEBUG scheduler Queued events for site erpeaz
2022-01-24 19:47:30,354 DEBUG scheduler Queued events for site erpeaz
2022-01-24 19:48:30,637 DEBUG scheduler Queued events for site erpeaz
2022-01-24 19:49:30,895 DEBUG scheduler Queued events for site erpeaz
2022-01-24 19:50:31,142 DEBUG scheduler Queued events for site erpeaz
2022-01-24 19:51:31,551 DEBUG scheduler Queued events for site erpeaz
2022-01-24 19:52:31,819 DEBUG scheduler Queued events for site erpeaz
2022-01-24 19:53:32,082 DEBUG scheduler Queued events for site erpeaz
2022-01-24 19:54:32,343 DEBUG scheduler Queued events for site erpeaz
2022-01-24 19:55:32,772 DEBUG scheduler Queued events for site erpeaz
2022-01-24 19:56:33,032 DEBUG scheduler Queued events for site erpeaz
2022-01-24 19:57:33,293 DEBUG scheduler Queued events for site erpeaz
2022-01-24 19:58:33,554 DEBUG scheduler Queued events for site erpeaz
2022-01-24 19:59:33,957 DEBUG scheduler Queued events for site erpeaz
2022-01-24 20:00:34,230 DEBUG scheduler Queued events for site erpeaz
2022-01-24 20:01:34,585 DEBUG scheduler Queued events for site erpeaz
2022-01-24 20:02:34,802 DEBUG scheduler Queued events for site erpeaz
2022-01-24 20:03:35,194 DEBUG scheduler Queued events for site erpeaz
2022-01-24 20:04:35,419 DEBUG scheduler Queued events for site erpeaz
2022-01-24 20:05:35,678 DEBUG scheduler Queued events for site erpeaz
2022-01-24 20:06:35,919 DEBUG scheduler Queued events for site erpeaz
2022-01-24 20:07:36,327 DEBUG scheduler Queued events for site erpeaz
2022-01-24 20:08:36,573 DEBUG scheduler Queued events for site erpeaz
2022-01-24 20:09:36,849 DEBUG scheduler Queued events for site erpeaz
2022-01-24 20:10:37,111 DEBUG scheduler Queued events for site erpeaz
2022-01-24 20:11:37,536 DEBUG scheduler Queued events for site erpeaz
2022-01-24 20:12:37,809 DEBUG scheduler Queued events for site erpeaz
2022-01-24 20:13:38,072 DEBUG scheduler Queued events for site erpeaz
2022-01-24 20:14:38,338 DEBUG scheduler Queued events for site erpeaz
2022-01-24 20:15:38,756 DEBUG scheduler Queued events for site erpeaz
2022-01-24 20:16:39,034 DEBUG scheduler Queued events for site erpeaz
2022-01-24 20:17:39,296 DEBUG scheduler Queued events for site erpeaz
2022-01-24 20:18:39,553 DEBUG scheduler Queued events for site erpeaz
2022-01-24 20:19:39,999 DEBUG scheduler Queued events for site erpeaz
2022-01-24 20:20:40,262 DEBUG scheduler Queued events for site erpeaz
2022-01-24 20:21:40,523 DEBUG scheduler Queued events for site erpeaz
2022-01-24 20:22:40,784 DEBUG scheduler Queued events for site erpeaz
2022-01-24 20:23:41,182 DEBUG scheduler Queued events for site erpeaz
2022-01-24 20:24:41,438 DEBUG scheduler Queued events for site erpeaz
2022-01-24 20:25:41,656 DEBUG scheduler Queued events for site erpeaz
2022-01-24 20:26:41,913 DEBUG scheduler Queued events for site erpeaz
2022-01-24 20:27:42,347 DEBUG scheduler Queued events for site erpeaz
2022-01-24 20:28:42,609 DEBUG scheduler Queued events for site erpeaz
2022-01-24 20:29:42,835 DEBUG scheduler Queued events for site erpeaz
2022-01-24 20:30:43,095 DEBUG scheduler Queued events for site erpeaz
2022-01-24 20:31:44,223 DEBUG scheduler Queued events for site erpeaz
2022-01-24 20:32:44,486 DEBUG scheduler Queued events for site erpeaz
2022-01-24 20:33:44,744 DEBUG scheduler Queued events for site erpeaz
2022-01-24 20:34:45,024 DEBUG scheduler Queued events for site erpeaz
2022-01-24 20:35:45,426 DEBUG scheduler Queued events for site erpeaz
2022-01-24 20:36:45,688 DEBUG scheduler Queued events for site erpeaz
2022-01-24 20:37:45,942 DEBUG scheduler Queued events for site erpeaz
2022-01-24 20:38:46,192 DEBUG scheduler Queued events for site erpeaz
2022-01-24 20:39:46,612 DEBUG scheduler Queued events for site erpeaz
2022-01-24 20:40:46,874 DEBUG scheduler Queued events for site erpeaz
2022-01-24 20:41:47,144 DEBUG scheduler Queued events for site erpeaz
2022-01-24 20:42:47,404 DEBUG scheduler Queued events for site erpeaz
2022-01-24 20:43:47,832 DEBUG scheduler Queued events for site erpeaz
2022-01-24 20:44:48,085 DEBUG scheduler Queued events for site erpeaz
2022-01-24 20:45:48,345 DEBUG scheduler Queued events for site erpeaz
2022-01-24 20:46:48,589 DEBUG scheduler Queued events for site erpeaz
2022-01-24 20:47:48,994 DEBUG scheduler Queued events for site erpeaz
2022-01-24 20:48:49,259 DEBUG scheduler Queued events for site erpeaz
2022-01-24 20:49:49,518 DEBUG scheduler Queued events for site erpeaz
2022-01-24 20:50:49,742 DEBUG scheduler Queued events for site erpeaz
2022-01-24 20:51:50,133 DEBUG scheduler Queued events for site erpeaz
2022-01-24 20:52:50,418 DEBUG scheduler Queued events for site erpeaz
2022-01-24 20:53:50,678 DEBUG scheduler Queued events for site erpeaz
2022-01-24 20:54:50,939 DEBUG scheduler Queued events for site erpeaz
2022-01-24 20:55:51,356 DEBUG scheduler Queued events for site erpeaz
2022-01-24 20:56:51,617 DEBUG scheduler Queued events for site erpeaz
2022-01-24 20:57:51,879 DEBUG scheduler Queued events for site erpeaz
2022-01-24 20:58:52,140 DEBUG scheduler Queued events for site erpeaz
2022-01-24 20:59:52,549 DEBUG scheduler Queued events for site erpeaz
2022-01-24 21:00:52,815 DEBUG scheduler Queued events for site erpeaz
2022-01-24 21:01:53,160 DEBUG scheduler Queued events for site erpeaz
2022-01-24 21:02:53,408 DEBUG scheduler Queued events for site erpeaz
2022-01-24 21:03:53,830 DEBUG scheduler Queued events for site erpeaz
2022-01-24 21:04:54,113 DEBUG scheduler Queued events for site erpeaz
2022-01-24 21:05:54,372 DEBUG scheduler Queued events for site erpeaz
2022-01-24 21:06:54,631 DEBUG scheduler Queued events for site erpeaz
2022-01-24 21:07:55,058 DEBUG scheduler Queued events for site erpeaz
2022-01-24 21:08:55,324 DEBUG scheduler Queued events for site erpeaz
2022-01-24 21:09:55,551 DEBUG scheduler Queued events for site erpeaz
2022-01-24 21:10:55,809 DEBUG scheduler Queued events for site erpeaz
2022-01-24 21:11:56,243 DEBUG scheduler Queued events for site erpeaz
2022-01-24 21:12:56,510 DEBUG scheduler Queued events for site erpeaz
2022-01-24 21:13:56,768 DEBUG scheduler Queued events for site erpeaz
2022-01-24 21:14:57,028 DEBUG scheduler Queued events for site erpeaz
2022-01-24 21:15:57,430 DEBUG scheduler Queued events for site erpeaz
2022-01-24 21:16:57,700 DEBUG scheduler Queued events for site erpeaz
2022-01-24 21:17:57,960 DEBUG scheduler Queued events for site erpeaz
2022-01-24 21:18:58,222 DEBUG scheduler Queued events for site erpeaz
2022-01-24 21:19:58,631 DEBUG scheduler Queued events for site erpeaz
2022-01-24 21:20:58,900 DEBUG scheduler Queued events for site erpeaz
2022-01-24 21:21:59,167 DEBUG scheduler Queued events for site erpeaz
2022-01-24 21:22:59,430 DEBUG scheduler Queued events for site erpeaz
2022-01-24 21:23:59,836 DEBUG scheduler Queued events for site erpeaz
2022-01-24 21:25:00,161 DEBUG scheduler Queued events for site erpeaz
2022-01-24 21:26:00,524 DEBUG scheduler Queued events for site erpeaz
2022-01-24 21:27:01,000 DEBUG scheduler Queued events for site erpeaz
2022-01-24 21:28:01,267 DEBUG scheduler Queued events for site erpeaz
2022-01-24 21:29:01,529 DEBUG scheduler Queued events for site erpeaz
2022-01-24 21:30:01,790 DEBUG scheduler Queued events for site erpeaz
2022-01-24 21:31:02,987 DEBUG scheduler Queued events for site erpeaz
2022-01-24 21:32:03,205 DEBUG scheduler Queued events for site erpeaz
2022-01-24 21:33:03,465 DEBUG scheduler Queued events for site erpeaz
2022-01-24 21:34:03,726 DEBUG scheduler Queued events for site erpeaz
2022-01-24 21:35:04,095 DEBUG scheduler Queued events for site erpeaz
2022-01-24 21:36:04,362 DEBUG scheduler Queued events for site erpeaz
2022-01-24 21:37:04,609 DEBUG scheduler Queued events for site erpeaz
2022-01-24 21:38:04,844 DEBUG scheduler Queued events for site erpeaz
2022-01-24 21:39:05,252 DEBUG scheduler Queued events for site erpeaz
2022-01-24 21:40:05,514 DEBUG scheduler Queued events for site erpeaz
2022-01-24 21:41:05,753 DEBUG scheduler Queued events for site erpeaz
2022-01-24 21:42:06,008 DEBUG scheduler Queued events for site erpeaz
2022-01-24 21:43:06,431 DEBUG scheduler Queued events for site erpeaz
2022-01-24 21:44:06,702 DEBUG scheduler Queued events for site erpeaz
2022-01-24 21:45:06,979 DEBUG scheduler Queued events for site erpeaz
2022-01-24 21:46:07,261 DEBUG scheduler Queued events for site erpeaz
2022-01-24 21:47:07,694 DEBUG scheduler Queued events for site erpeaz
2022-01-24 21:48:07,954 DEBUG scheduler Queued events for site erpeaz
2022-01-24 21:49:08,215 DEBUG scheduler Queued events for site erpeaz
2022-01-24 21:50:08,484 DEBUG scheduler Queued events for site erpeaz
2022-01-24 21:51:08,905 DEBUG scheduler Queued events for site erpeaz
2022-01-24 21:52:09,141 DEBUG scheduler Queued events for site erpeaz
2022-01-24 21:53:09,402 DEBUG scheduler Queued events for site erpeaz
2022-01-24 21:54:09,664 DEBUG scheduler Queued events for site erpeaz
2022-01-24 21:55:10,092 DEBUG scheduler Queued events for site erpeaz
2022-01-24 21:56:10,362 DEBUG scheduler Queued events for site erpeaz
2022-01-24 21:57:10,623 DEBUG scheduler Queued events for site erpeaz
2022-01-24 21:58:10,883 DEBUG scheduler Queued events for site erpeaz
2022-01-24 21:59:11,294 DEBUG scheduler Queued events for site erpeaz
2022-01-24 22:00:11,557 DEBUG scheduler Queued events for site erpeaz
2022-01-24 22:01:11,932 DEBUG scheduler Queued events for site erpeaz
2022-01-24 22:02:12,201 DEBUG scheduler Queued events for site erpeaz
2022-01-24 22:03:12,620 DEBUG scheduler Queued events for site erpeaz
2022-01-24 22:04:12,888 DEBUG scheduler Queued events for site erpeaz
2022-01-24 22:05:13,151 DEBUG scheduler Queued events for site erpeaz
2022-01-24 22:06:13,418 DEBUG scheduler Queued events for site erpeaz
2022-01-24 22:07:13,848 DEBUG scheduler Queued events for site erpeaz
2022-01-24 22:08:14,117 DEBUG scheduler Queued events for site erpeaz
2022-01-24 22:09:14,381 DEBUG scheduler Queued events for site erpeaz
2022-01-24 22:10:14,640 DEBUG scheduler Queued events for site erpeaz
2022-01-24 22:11:15,081 DEBUG scheduler Queued events for site erpeaz
2022-01-24 22:12:15,314 DEBUG scheduler Queued events for site erpeaz
2022-01-24 22:13:15,590 DEBUG scheduler Queued events for site erpeaz
2022-01-24 22:14:15,849 DEBUG scheduler Queued events for site erpeaz
2022-01-24 22:15:16,224 DEBUG scheduler Queued events for site erpeaz
2022-01-24 22:16:16,526 DEBUG scheduler Queued events for site erpeaz
2022-01-24 22:17:16,785 DEBUG scheduler Queued events for site erpeaz
2022-01-24 22:18:17,046 DEBUG scheduler Queued events for site erpeaz
2022-01-24 22:19:17,445 DEBUG scheduler Queued events for site erpeaz
2022-01-24 22:20:17,673 DEBUG scheduler Queued events for site erpeaz
2022-01-24 22:21:17,933 DEBUG scheduler Queued events for site erpeaz
2022-01-24 22:22:18,201 DEBUG scheduler Queued events for site erpeaz
2022-01-24 22:23:18,617 DEBUG scheduler Queued events for site erpeaz
2022-01-24 22:24:18,878 DEBUG scheduler Queued events for site erpeaz
2022-01-24 22:25:19,166 DEBUG scheduler Queued events for site erpeaz
2022-01-24 22:26:19,433 DEBUG scheduler Queued events for site erpeaz
2022-01-24 22:27:19,837 DEBUG scheduler Queued events for site erpeaz
2022-01-24 22:28:20,096 DEBUG scheduler Queued events for site erpeaz
2022-01-24 22:29:20,361 DEBUG scheduler Queued events for site erpeaz
2022-01-24 22:30:20,624 DEBUG scheduler Queued events for site erpeaz
2022-01-24 22:31:21,776 DEBUG scheduler Queued events for site erpeaz
2022-01-24 22:32:22,049 DEBUG scheduler Queued events for site erpeaz
2022-01-24 22:33:22,309 DEBUG scheduler Queued events for site erpeaz
2022-01-24 22:34:22,579 DEBUG scheduler Queued events for site erpeaz
2022-01-24 22:35:22,988 DEBUG scheduler Queued events for site erpeaz
2022-01-24 22:36:23,254 DEBUG scheduler Queued events for site erpeaz
2022-01-24 22:37:23,534 DEBUG scheduler Queued events for site erpeaz
2022-01-24 22:38:23,777 DEBUG scheduler Queued events for site erpeaz
2022-01-24 22:39:24,190 DEBUG scheduler Queued events for site erpeaz
2022-01-24 22:40:24,463 DEBUG scheduler Queued events for site erpeaz
2022-01-24 22:41:24,714 DEBUG scheduler Queued events for site erpeaz
2022-01-24 22:42:24,975 DEBUG scheduler Queued events for site erpeaz
2022-01-24 22:43:25,383 DEBUG scheduler Queued events for site erpeaz
2022-01-24 22:44:25,630 DEBUG scheduler Queued events for site erpeaz
2022-01-24 22:45:25,892 DEBUG scheduler Queued events for site erpeaz
2022-01-24 22:46:26,202 DEBUG scheduler Queued events for site erpeaz
2022-01-24 22:47:26,611 DEBUG scheduler Queued events for site erpeaz
2022-01-24 22:48:26,867 DEBUG scheduler Queued events for site erpeaz
2022-01-24 22:49:27,129 DEBUG scheduler Queued events for site erpeaz
2022-01-24 22:50:27,387 DEBUG scheduler Queued events for site erpeaz
2022-01-24 22:51:27,819 DEBUG scheduler Queued events for site erpeaz
2022-01-24 22:52:28,077 DEBUG scheduler Queued events for site erpeaz
2022-01-24 22:53:28,339 DEBUG scheduler Queued events for site erpeaz
2022-01-24 22:54:28,598 DEBUG scheduler Queued events for site erpeaz
2022-01-24 22:55:29,004 DEBUG scheduler Queued events for site erpeaz
2022-01-24 22:56:29,258 DEBUG scheduler Queued events for site erpeaz
2022-01-24 22:57:29,518 DEBUG scheduler Queued events for site erpeaz
2022-01-24 22:58:29,754 DEBUG scheduler Queued events for site erpeaz
2022-01-24 22:59:30,196 DEBUG scheduler Queued events for site erpeaz
2022-01-24 23:00:30,456 DEBUG scheduler Queued events for site erpeaz
2022-01-24 23:01:30,802 DEBUG scheduler Queued events for site erpeaz
2022-01-24 23:02:31,058 DEBUG scheduler Queued events for site erpeaz
2022-01-24 23:03:31,479 DEBUG scheduler Queued events for site erpeaz
2022-01-24 23:04:31,741 DEBUG scheduler Queued events for site erpeaz
2022-01-24 23:05:32,005 DEBUG scheduler Queued events for site erpeaz
2022-01-24 23:06:32,279 DEBUG scheduler Queued events for site erpeaz
2022-01-24 23:07:32,683 DEBUG scheduler Queued events for site erpeaz
2022-01-24 23:08:32,901 DEBUG scheduler Queued events for site erpeaz
2022-01-24 23:09:33,180 DEBUG scheduler Queued events for site erpeaz
2022-01-24 23:10:33,420 DEBUG scheduler Queued events for site erpeaz
2022-01-24 23:11:33,864 DEBUG scheduler Queued events for site erpeaz
2022-01-24 23:12:34,117 DEBUG scheduler Queued events for site erpeaz
2022-01-24 23:13:34,383 DEBUG scheduler Queued events for site erpeaz
2022-01-24 23:14:34,654 DEBUG scheduler Queued events for site erpeaz
2022-01-24 23:15:35,061 DEBUG scheduler Queued events for site erpeaz
2022-01-24 23:16:35,372 DEBUG scheduler Queued events for site erpeaz
2022-01-24 23:17:35,643 DEBUG scheduler Queued events for site erpeaz
2022-01-24 23:18:35,902 DEBUG scheduler Queued events for site erpeaz
2022-01-24 23:19:36,308 DEBUG scheduler Queued events for site erpeaz
2022-01-24 23:20:36,565 DEBUG scheduler Queued events for site erpeaz
2022-01-24 23:21:36,809 DEBUG scheduler Queued events for site erpeaz
2022-01-24 23:22:37,070 DEBUG scheduler Queued events for site erpeaz
2022-01-24 23:23:37,490 DEBUG scheduler Queued events for site erpeaz
2022-01-24 23:24:37,723 DEBUG scheduler Queued events for site erpeaz
2022-01-24 23:25:38,003 DEBUG scheduler Queued events for site erpeaz
2022-01-24 23:26:38,262 DEBUG scheduler Queued events for site erpeaz
2022-01-24 23:27:38,670 DEBUG scheduler Queued events for site erpeaz
2022-01-24 23:28:38,930 DEBUG scheduler Queued events for site erpeaz
2022-01-24 23:29:39,190 DEBUG scheduler Queued events for site erpeaz
2022-01-24 23:30:39,465 DEBUG scheduler Queued events for site erpeaz
2022-01-24 23:31:40,642 DEBUG scheduler Queued events for site erpeaz
2022-01-24 23:32:40,872 DEBUG scheduler Queued events for site erpeaz
2022-01-24 23:33:41,121 DEBUG scheduler Queued events for site erpeaz
2022-01-24 23:34:41,342 DEBUG scheduler Queued events for site erpeaz
2022-01-24 23:35:41,748 DEBUG scheduler Queued events for site erpeaz
2022-01-24 23:36:41,976 DEBUG scheduler Queued events for site erpeaz
2022-01-24 23:37:42,265 DEBUG scheduler Queued events for site erpeaz
2022-01-24 23:38:42,481 DEBUG scheduler Queued events for site erpeaz
2022-01-24 23:39:42,890 DEBUG scheduler Queued events for site erpeaz
2022-01-24 23:40:43,149 DEBUG scheduler Queued events for site erpeaz
2022-01-24 23:41:43,400 DEBUG scheduler Queued events for site erpeaz
2022-01-24 23:42:43,643 DEBUG scheduler Queued events for site erpeaz
2022-01-24 23:43:44,049 DEBUG scheduler Queued events for site erpeaz
2022-01-24 23:44:44,332 DEBUG scheduler Queued events for site erpeaz
2022-01-24 23:45:44,593 DEBUG scheduler Queued events for site erpeaz
2022-01-24 23:46:44,886 DEBUG scheduler Queued events for site erpeaz
2022-01-24 23:47:45,324 DEBUG scheduler Queued events for site erpeaz
2022-01-24 23:48:45,585 DEBUG scheduler Queued events for site erpeaz
2022-01-24 23:49:45,846 DEBUG scheduler Queued events for site erpeaz
2022-01-24 23:50:46,131 DEBUG scheduler Queued events for site erpeaz
2022-01-24 23:51:46,564 DEBUG scheduler Queued events for site erpeaz
2022-01-24 23:52:46,823 DEBUG scheduler Queued events for site erpeaz
2022-01-24 23:53:47,085 DEBUG scheduler Queued events for site erpeaz
2022-01-24 23:54:47,296 DEBUG scheduler Queued events for site erpeaz
2022-01-24 23:55:47,723 DEBUG scheduler Queued events for site erpeaz
2022-01-24 23:56:47,963 DEBUG scheduler Queued events for site erpeaz
2022-01-24 23:57:48,233 DEBUG scheduler Queued events for site erpeaz
2022-01-24 23:58:48,499 DEBUG scheduler Queued events for site erpeaz
2022-01-24 23:59:48,872 DEBUG scheduler Queued events for site erpeaz
2022-01-25 00:00:49,143 DEBUG scheduler Queued events for site erpeaz
2022-01-25 00:01:49,502 DEBUG scheduler Queued events for site erpeaz
2022-01-25 00:02:49,764 DEBUG scheduler Queued events for site erpeaz
2022-01-25 00:03:50,176 DEBUG scheduler Queued events for site erpeaz
2022-01-25 00:04:50,439 DEBUG scheduler Queued events for site erpeaz
2022-01-25 00:05:50,666 DEBUG scheduler Queued events for site erpeaz
2022-01-25 00:06:50,933 DEBUG scheduler Queued events for site erpeaz
2022-01-25 00:07:51,343 DEBUG scheduler Queued events for site erpeaz
2022-01-25 00:08:51,578 DEBUG scheduler Queued events for site erpeaz
2022-01-25 00:09:51,851 DEBUG scheduler Queued events for site erpeaz
2022-01-25 00:10:52,101 DEBUG scheduler Queued events for site erpeaz
2022-01-25 00:11:52,506 DEBUG scheduler Queued events for site erpeaz
2022-01-25 00:12:52,727 DEBUG scheduler Queued events for site erpeaz
2022-01-25 00:13:52,978 DEBUG scheduler Queued events for site erpeaz
2022-01-25 00:14:53,203 DEBUG scheduler Queued events for site erpeaz
2022-01-25 00:15:53,608 DEBUG scheduler Queued events for site erpeaz
2022-01-25 00:16:53,889 DEBUG scheduler Queued events for site erpeaz
2022-01-25 00:17:54,155 DEBUG scheduler Queued events for site erpeaz
2022-01-25 00:18:54,414 DEBUG scheduler Queued events for site erpeaz
2022-01-25 00:19:54,794 DEBUG scheduler Queued events for site erpeaz
2022-01-25 00:20:55,068 DEBUG scheduler Queued events for site erpeaz
2022-01-25 00:21:55,407 DEBUG scheduler Queued events for site erpeaz
2022-01-25 00:22:55,665 DEBUG scheduler Queued events for site erpeaz
2022-01-25 00:23:56,069 DEBUG scheduler Queued events for site erpeaz
2022-01-25 00:24:56,327 DEBUG scheduler Queued events for site erpeaz
2022-01-25 00:25:56,587 DEBUG scheduler Queued events for site erpeaz
2022-01-25 00:26:56,860 DEBUG scheduler Queued events for site erpeaz
2022-01-25 00:27:57,285 DEBUG scheduler Queued events for site erpeaz
2022-01-25 00:28:57,546 DEBUG scheduler Queued events for site erpeaz
2022-01-25 00:29:57,814 DEBUG scheduler Queued events for site erpeaz
2022-01-25 00:30:58,080 DEBUG scheduler Queued events for site erpeaz
2022-01-25 00:31:59,198 DEBUG scheduler Queued events for site erpeaz
2022-01-25 00:32:59,457 DEBUG scheduler Queued events for site erpeaz
2022-01-25 00:33:59,724 DEBUG scheduler Queued events for site erpeaz
2022-01-25 00:34:59,986 DEBUG scheduler Queued events for site erpeaz
2022-01-25 00:36:00,471 DEBUG scheduler Queued events for site erpeaz
2022-01-25 00:37:00,741 DEBUG scheduler Queued events for site erpeaz
2022-01-25 00:38:01,006 DEBUG scheduler Queued events for site erpeaz
2022-01-25 00:39:01,441 DEBUG scheduler Queued events for site erpeaz
2022-01-25 00:40:01,694 DEBUG scheduler Queued events for site erpeaz
2022-01-25 00:41:01,955 DEBUG scheduler Queued events for site erpeaz
2022-01-25 00:42:02,218 DEBUG scheduler Queued events for site erpeaz
2022-01-25 00:43:02,644 DEBUG scheduler Queued events for site erpeaz
2022-01-25 00:44:02,921 DEBUG scheduler Queued events for site erpeaz
2022-01-25 00:45:03,178 DEBUG scheduler Queued events for site erpeaz
2022-01-25 00:46:03,471 DEBUG scheduler Queued events for site erpeaz
2022-01-25 00:47:03,876 DEBUG scheduler Queued events for site erpeaz
2022-01-25 00:48:04,140 DEBUG scheduler Queued events for site erpeaz
2022-01-25 00:49:04,373 DEBUG scheduler Queued events for site erpeaz
2022-01-25 00:50:04,635 DEBUG scheduler Queued events for site erpeaz
2022-01-25 00:51:05,052 DEBUG scheduler Queued events for site erpeaz
2022-01-25 00:52:05,307 DEBUG scheduler Queued events for site erpeaz
2022-01-25 00:53:05,550 DEBUG scheduler Queued events for site erpeaz
2022-01-25 00:54:05,808 DEBUG scheduler Queued events for site erpeaz
2022-01-25 00:55:06,220 DEBUG scheduler Queued events for site erpeaz
2022-01-25 00:56:06,481 DEBUG scheduler Queued events for site erpeaz
2022-01-25 00:57:06,748 DEBUG scheduler Queued events for site erpeaz
2022-01-25 00:58:07,038 DEBUG scheduler Queued events for site erpeaz
2022-01-25 00:59:07,441 DEBUG scheduler Queued events for site erpeaz
2022-01-25 01:00:07,706 DEBUG scheduler Queued events for site erpeaz
2022-01-25 01:01:08,054 DEBUG scheduler Queued events for site erpeaz
2022-01-25 01:02:08,297 DEBUG scheduler Queued events for site erpeaz
2022-01-25 01:03:08,694 DEBUG scheduler Queued events for site erpeaz
2022-01-25 01:04:08,956 DEBUG scheduler Queued events for site erpeaz
2022-01-25 01:05:09,198 DEBUG scheduler Queued events for site erpeaz
2022-01-25 01:06:09,456 DEBUG scheduler Queued events for site erpeaz
2022-01-25 01:07:09,887 DEBUG scheduler Queued events for site erpeaz
2022-01-25 01:08:10,161 DEBUG scheduler Queued events for site erpeaz
2022-01-25 01:09:10,425 DEBUG scheduler Queued events for site erpeaz
2022-01-25 01:10:10,662 DEBUG scheduler Queued events for site erpeaz
2022-01-25 01:11:11,072 DEBUG scheduler Queued events for site erpeaz
2022-01-25 01:12:11,332 DEBUG scheduler Queued events for site erpeaz
2022-01-25 01:13:11,571 DEBUG scheduler Queued events for site erpeaz
2022-01-25 01:14:11,832 DEBUG scheduler Queued events for site erpeaz
2022-01-25 01:15:12,244 DEBUG scheduler Queued events for site erpeaz
2022-01-25 01:16:12,554 DEBUG scheduler Queued events for site erpeaz
2022-01-25 01:17:12,819 DEBUG scheduler Queued events for site erpeaz
2022-01-25 01:18:13,082 DEBUG scheduler Queued events for site erpeaz
2022-01-25 01:19:13,476 DEBUG scheduler Queued events for site erpeaz
2022-01-25 01:20:13,745 DEBUG scheduler Queued events for site erpeaz
2022-01-25 01:21:14,003 DEBUG scheduler Queued events for site erpeaz
2022-01-25 01:22:14,293 DEBUG scheduler Queued events for site erpeaz
2022-01-25 01:23:14,682 DEBUG scheduler Queued events for site erpeaz
2022-01-25 01:24:14,947 DEBUG scheduler Queued events for site erpeaz
2022-01-25 01:25:15,198 DEBUG scheduler Queued events for site erpeaz
2022-01-25 01:26:15,454 DEBUG scheduler Queued events for site erpeaz
2022-01-25 01:27:15,881 DEBUG scheduler Queued events for site erpeaz
2022-01-25 01:28:16,141 DEBUG scheduler Queued events for site erpeaz
2022-01-25 01:29:16,424 DEBUG scheduler Queued events for site erpeaz
2022-01-25 01:30:16,693 DEBUG scheduler Queued events for site erpeaz
2022-01-25 01:31:17,842 DEBUG scheduler Queued events for site erpeaz
2022-01-25 01:32:18,106 DEBUG scheduler Queued events for site erpeaz
2022-01-25 01:33:18,368 DEBUG scheduler Queued events for site erpeaz
2022-01-25 01:34:18,635 DEBUG scheduler Queued events for site erpeaz
2022-01-25 01:35:19,054 DEBUG scheduler Queued events for site erpeaz
2022-01-25 01:36:19,316 DEBUG scheduler Queued events for site erpeaz
2022-01-25 01:37:19,558 DEBUG scheduler Queued events for site erpeaz
2022-01-25 01:38:19,819 DEBUG scheduler Queued events for site erpeaz
2022-01-25 01:39:20,226 DEBUG scheduler Queued events for site erpeaz
2022-01-25 01:40:20,505 DEBUG scheduler Queued events for site erpeaz
2022-01-25 01:41:20,764 DEBUG scheduler Queued events for site erpeaz
2022-01-25 01:42:21,029 DEBUG scheduler Queued events for site erpeaz
2022-01-25 01:43:21,436 DEBUG scheduler Queued events for site erpeaz
2022-01-25 01:44:21,708 DEBUG scheduler Queued events for site erpeaz
2022-01-25 01:45:21,968 DEBUG scheduler Queued events for site erpeaz
2022-01-25 01:46:22,255 DEBUG scheduler Queued events for site erpeaz
2022-01-25 01:47:22,680 DEBUG scheduler Queued events for site erpeaz
2022-01-25 01:48:22,953 DEBUG scheduler Queued events for site erpeaz
2022-01-25 01:49:23,211 DEBUG scheduler Queued events for site erpeaz
2022-01-25 01:50:23,473 DEBUG scheduler Queued events for site erpeaz
2022-01-25 01:51:23,880 DEBUG scheduler Queued events for site erpeaz
2022-01-25 01:52:24,139 DEBUG scheduler Queued events for site erpeaz
2022-01-25 01:53:24,409 DEBUG scheduler Queued events for site erpeaz
2022-01-25 01:54:24,652 DEBUG scheduler Queued events for site erpeaz
2022-01-25 01:55:25,062 DEBUG scheduler Queued events for site erpeaz
2022-01-25 01:56:25,332 DEBUG scheduler Queued events for site erpeaz
2022-01-25 01:57:25,592 DEBUG scheduler Queued events for site erpeaz
2022-01-25 01:58:25,853 DEBUG scheduler Queued events for site erpeaz
2022-01-25 01:59:26,258 DEBUG scheduler Queued events for site erpeaz
2022-01-25 02:00:26,520 DEBUG scheduler Queued events for site erpeaz
2022-01-25 02:01:26,830 DEBUG scheduler Queued events for site erpeaz
2022-01-25 02:02:27,091 DEBUG scheduler Queued events for site erpeaz
2022-01-25 02:03:27,507 DEBUG scheduler Queued events for site erpeaz
2022-01-25 02:04:27,768 DEBUG scheduler Queued events for site erpeaz
2022-01-25 02:05:28,028 DEBUG scheduler Queued events for site erpeaz
2022-01-25 02:06:28,274 DEBUG scheduler Queued events for site erpeaz
2022-01-25 02:07:28,716 DEBUG scheduler Queued events for site erpeaz
2022-01-25 02:08:28,962 DEBUG scheduler Queued events for site erpeaz
2022-01-25 02:09:29,223 DEBUG scheduler Queued events for site erpeaz
2022-01-25 02:10:29,490 DEBUG scheduler Queued events for site erpeaz
2022-01-25 02:11:29,900 DEBUG scheduler Queued events for site erpeaz
2022-01-25 02:12:30,163 DEBUG scheduler Queued events for site erpeaz
2022-01-25 02:13:30,423 DEBUG scheduler Queued events for site erpeaz
2022-01-25 02:14:30,685 DEBUG scheduler Queued events for site erpeaz
2022-01-25 02:15:31,103 DEBUG scheduler Queued events for site erpeaz
2022-01-25 02:16:31,404 DEBUG scheduler Queued events for site erpeaz
2022-01-25 02:17:31,645 DEBUG scheduler Queued events for site erpeaz
2022-01-25 02:18:31,907 DEBUG scheduler Queued events for site erpeaz
2022-01-25 02:19:32,312 DEBUG scheduler Queued events for site erpeaz
2022-01-25 02:20:32,567 DEBUG scheduler Queued events for site erpeaz
2022-01-25 02:21:32,836 DEBUG scheduler Queued events for site erpeaz
2022-01-25 02:22:33,107 DEBUG scheduler Queued events for site erpeaz
2022-01-25 02:23:33,514 DEBUG scheduler Queued events for site erpeaz
2022-01-25 02:24:33,774 DEBUG scheduler Queued events for site erpeaz
2022-01-25 02:25:34,055 DEBUG scheduler Queued events for site erpeaz
2022-01-25 02:26:34,307 DEBUG scheduler Queued events for site erpeaz
2022-01-25 02:27:34,720 DEBUG scheduler Queued events for site erpeaz
2022-01-25 02:28:34,980 DEBUG scheduler Queued events for site erpeaz
2022-01-25 02:29:35,267 DEBUG scheduler Queued events for site erpeaz
2022-01-25 02:30:35,529 DEBUG scheduler Queued events for site erpeaz
2022-01-25 02:31:36,678 DEBUG scheduler Queued events for site erpeaz
2022-01-25 02:32:36,942 DEBUG scheduler Queued events for site erpeaz
2022-01-25 02:33:37,207 DEBUG scheduler Queued events for site erpeaz
2022-01-25 02:34:37,448 DEBUG scheduler Queued events for site erpeaz
2022-01-25 02:35:37,875 DEBUG scheduler Queued events for site erpeaz
2022-01-25 02:36:38,142 DEBUG scheduler Queued events for site erpeaz
2022-01-25 02:37:38,409 DEBUG scheduler Queued events for site erpeaz
2022-01-25 02:38:38,688 DEBUG scheduler Queued events for site erpeaz
2022-01-25 02:39:39,093 DEBUG scheduler Queued events for site erpeaz
2022-01-25 02:40:39,376 DEBUG scheduler Queued events for site erpeaz
2022-01-25 02:41:39,611 DEBUG scheduler Queued events for site erpeaz
2022-01-25 02:42:39,871 DEBUG scheduler Queued events for site erpeaz
2022-01-25 02:43:40,274 DEBUG scheduler Queued events for site erpeaz
2022-01-25 02:44:40,550 DEBUG scheduler Queued events for site erpeaz
2022-01-25 02:45:40,789 DEBUG scheduler Queued events for site erpeaz
2022-01-25 02:46:41,074 DEBUG scheduler Queued events for site erpeaz
2022-01-25 02:47:41,498 DEBUG scheduler Queued events for site erpeaz
2022-01-25 02:48:41,758 DEBUG scheduler Queued events for site erpeaz
2022-01-25 02:49:42,020 DEBUG scheduler Queued events for site erpeaz
2022-01-25 02:50:42,284 DEBUG scheduler Queued events for site erpeaz
2022-01-25 02:51:42,693 DEBUG scheduler Queued events for site erpeaz
2022-01-25 02:52:42,953 DEBUG scheduler Queued events for site erpeaz
2022-01-25 02:53:43,243 DEBUG scheduler Queued events for site erpeaz
2022-01-25 02:54:43,504 DEBUG scheduler Queued events for site erpeaz
2022-01-25 02:55:43,895 DEBUG scheduler Queued events for site erpeaz
2022-01-25 02:56:44,163 DEBUG scheduler Queued events for site erpeaz
2022-01-25 02:57:44,422 DEBUG scheduler Queued events for site erpeaz
2022-01-25 02:58:44,700 DEBUG scheduler Queued events for site erpeaz
2022-01-25 02:59:45,122 DEBUG scheduler Queued events for site erpeaz
2022-01-25 03:00:45,391 DEBUG scheduler Queued events for site erpeaz
2022-01-25 03:01:45,765 DEBUG scheduler Queued events for site erpeaz
2022-01-25 03:02:46,013 DEBUG scheduler Queued events for site erpeaz
2022-01-25 03:03:46,424 DEBUG scheduler Queued events for site erpeaz
2022-01-25 03:04:46,687 DEBUG scheduler Queued events for site erpeaz
2022-01-25 03:05:46,945 DEBUG scheduler Queued events for site erpeaz
2022-01-25 03:06:47,200 DEBUG scheduler Queued events for site erpeaz
2022-01-25 03:07:47,608 DEBUG scheduler Queued events for site erpeaz
2022-01-25 03:08:47,867 DEBUG scheduler Queued events for site erpeaz
2022-01-25 03:09:48,109 DEBUG scheduler Queued events for site erpeaz
2022-01-25 03:10:48,374 DEBUG scheduler Queued events for site erpeaz
2022-01-25 03:11:48,763 DEBUG scheduler Queued events for site erpeaz
2022-01-25 03:12:49,024 DEBUG scheduler Queued events for site erpeaz
2022-01-25 03:13:49,278 DEBUG scheduler Queued events for site erpeaz
2022-01-25 03:14:49,540 DEBUG scheduler Queued events for site erpeaz
2022-01-25 03:15:49,941 DEBUG scheduler Queued events for site erpeaz
2022-01-25 03:16:50,209 DEBUG scheduler Queued events for site erpeaz
2022-01-25 03:17:50,468 DEBUG scheduler Queued events for site erpeaz
2022-01-25 03:18:50,730 DEBUG scheduler Queued events for site erpeaz
2022-01-25 03:19:51,135 DEBUG scheduler Queued events for site erpeaz
2022-01-25 03:20:51,392 DEBUG scheduler Queued events for site erpeaz
2022-01-25 03:21:51,663 DEBUG scheduler Queued events for site erpeaz
2022-01-25 03:22:51,924 DEBUG scheduler Queued events for site erpeaz
2022-01-25 03:23:52,320 DEBUG scheduler Queued events for site erpeaz
2022-01-25 03:24:52,591 DEBUG scheduler Queued events for site erpeaz
2022-01-25 03:25:52,859 DEBUG scheduler Queued events for site erpeaz
2022-01-25 03:26:53,124 DEBUG scheduler Queued events for site erpeaz
2022-01-25 03:27:53,536 DEBUG scheduler Queued events for site erpeaz
2022-01-25 03:28:53,797 DEBUG scheduler Queued events for site erpeaz
2022-01-25 03:29:54,058 DEBUG scheduler Queued events for site erpeaz
2022-01-25 03:30:54,336 DEBUG scheduler Queued events for site erpeaz
2022-01-25 03:31:55,500 DEBUG scheduler Queued events for site erpeaz
2022-01-25 03:32:55,762 DEBUG scheduler Queued events for site erpeaz
2022-01-25 03:33:56,035 DEBUG scheduler Queued events for site erpeaz
2022-01-25 03:34:56,298 DEBUG scheduler Queued events for site erpeaz
2022-01-25 03:35:56,687 DEBUG scheduler Queued events for site erpeaz
2022-01-25 03:36:56,965 DEBUG scheduler Queued events for site erpeaz
2022-01-25 03:37:57,226 DEBUG scheduler Queued events for site erpeaz
2022-01-25 03:38:57,488 DEBUG scheduler Queued events for site erpeaz
2022-01-25 03:39:57,906 DEBUG scheduler Queued events for site erpeaz
2022-01-25 03:40:58,175 DEBUG scheduler Queued events for site erpeaz
2022-01-25 03:41:58,448 DEBUG scheduler Queued events for site erpeaz
2022-01-25 03:42:58,709 DEBUG scheduler Queued events for site erpeaz
2022-01-25 03:43:59,132 DEBUG scheduler Queued events for site erpeaz
2022-01-25 03:44:59,357 DEBUG scheduler Queued events for site erpeaz
2022-01-25 03:45:59,609 DEBUG scheduler Queued events for site erpeaz
2022-01-25 03:46:59,890 DEBUG scheduler Queued events for site erpeaz
2022-01-25 03:48:00,390 DEBUG scheduler Queued events for site erpeaz
2022-01-25 03:49:00,676 DEBUG scheduler Queued events for site erpeaz
2022-01-25 03:50:00,952 DEBUG scheduler Queued events for site erpeaz
2022-01-25 03:51:01,415 DEBUG scheduler Queued events for site erpeaz
2022-01-25 03:52:01,760 DEBUG scheduler Queued events for site erpeaz
2022-01-25 03:53:01,983 DEBUG scheduler Queued events for site erpeaz
2022-01-25 03:54:02,248 DEBUG scheduler Queued events for site erpeaz
2022-01-25 03:55:02,655 DEBUG scheduler Queued events for site erpeaz
2022-01-25 03:56:02,917 DEBUG scheduler Queued events for site erpeaz
2022-01-25 03:57:03,143 DEBUG scheduler Queued events for site erpeaz
2022-01-25 03:58:03,407 DEBUG scheduler Queued events for site erpeaz
2022-01-25 03:59:03,872 DEBUG scheduler Queued events for site erpeaz
2022-01-25 04:00:04,135 DEBUG scheduler Queued events for site erpeaz
2022-01-25 04:01:04,488 DEBUG scheduler Queued events for site erpeaz
2022-01-25 04:02:04,760 DEBUG scheduler Queued events for site erpeaz
2022-01-25 04:03:05,179 DEBUG scheduler Queued events for site erpeaz
2022-01-25 04:04:05,465 DEBUG scheduler Queued events for site erpeaz
2022-01-25 04:05:05,728 DEBUG scheduler Queued events for site erpeaz
2022-01-25 04:06:05,990 DEBUG scheduler Queued events for site erpeaz
2022-01-25 04:07:06,383 DEBUG scheduler Queued events for site erpeaz
2022-01-25 04:08:06,635 DEBUG scheduler Queued events for site erpeaz
2022-01-25 04:09:06,898 DEBUG scheduler Queued events for site erpeaz
2022-01-25 04:10:07,146 DEBUG scheduler Queued events for site erpeaz
2022-01-25 04:11:07,559 DEBUG scheduler Queued events for site erpeaz
2022-01-25 04:12:07,844 DEBUG scheduler Queued events for site erpeaz
2022-01-25 04:13:08,109 DEBUG scheduler Queued events for site erpeaz
2022-01-25 04:14:08,372 DEBUG scheduler Queued events for site erpeaz
2022-01-25 04:15:08,794 DEBUG scheduler Queued events for site erpeaz
2022-01-25 04:16:09,073 DEBUG scheduler Queued events for site erpeaz
2022-01-25 04:17:09,342 DEBUG scheduler Queued events for site erpeaz
2022-01-25 04:18:09,577 DEBUG scheduler Queued events for site erpeaz
2022-01-25 04:19:09,985 DEBUG scheduler Queued events for site erpeaz
2022-01-25 04:20:10,246 DEBUG scheduler Queued events for site erpeaz
2022-01-25 04:21:10,510 DEBUG scheduler Queued events for site erpeaz
2022-01-25 04:22:10,776 DEBUG scheduler Queued events for site erpeaz
2022-01-25 04:23:11,183 DEBUG scheduler Queued events for site erpeaz
2022-01-25 04:24:11,410 DEBUG scheduler Queued events for site erpeaz
2022-01-25 04:25:11,657 DEBUG scheduler Queued events for site erpeaz
2022-01-25 04:26:11,918 DEBUG scheduler Queued events for site erpeaz
2022-01-25 04:27:12,283 DEBUG scheduler Queued events for site erpeaz
2022-01-25 04:28:12,543 DEBUG scheduler Queued events for site erpeaz
2022-01-25 04:29:12,799 DEBUG scheduler Queued events for site erpeaz
2022-01-25 04:30:13,063 DEBUG scheduler Queued events for site erpeaz
2022-01-25 04:31:14,233 DEBUG scheduler Queued events for site erpeaz
2022-01-25 04:32:14,513 DEBUG scheduler Queued events for site erpeaz
2022-01-25 04:33:14,906 DEBUG scheduler Queued events for site erpeaz
2022-01-25 04:34:15,204 DEBUG scheduler Queued events for site erpeaz
2022-01-25 04:35:15,633 DEBUG scheduler Queued events for site erpeaz
2022-01-25 04:36:15,893 DEBUG scheduler Queued events for site erpeaz
2022-01-25 04:37:16,154 DEBUG scheduler Queued events for site erpeaz
2022-01-25 04:38:16,418 DEBUG scheduler Queued events for site erpeaz
2022-01-25 04:39:16,836 DEBUG scheduler Queued events for site erpeaz
2022-01-25 04:40:17,078 DEBUG scheduler Queued events for site erpeaz
2022-01-25 04:41:17,336 DEBUG scheduler Queued events for site erpeaz
2022-01-25 04:42:17,583 DEBUG scheduler Queued events for site erpeaz
2022-01-25 04:43:18,004 DEBUG scheduler Queued events for site erpeaz
2022-01-25 04:44:18,291 DEBUG scheduler Queued events for site erpeaz
2022-01-25 04:45:18,501 DEBUG scheduler Queued events for site erpeaz
2022-01-25 04:46:18,789 DEBUG scheduler Queued events for site erpeaz
2022-01-25 04:47:19,174 DEBUG scheduler Queued events for site erpeaz
2022-01-25 04:48:19,434 DEBUG scheduler Queued events for site erpeaz
2022-01-25 04:49:19,694 DEBUG scheduler Queued events for site erpeaz
2022-01-25 04:50:19,955 DEBUG scheduler Queued events for site erpeaz
2022-01-25 04:51:20,356 DEBUG scheduler Queued events for site erpeaz
2022-01-25 04:52:20,606 DEBUG scheduler Queued events for site erpeaz
2022-01-25 04:53:20,848 DEBUG scheduler Queued events for site erpeaz
2022-01-25 04:54:21,126 DEBUG scheduler Queued events for site erpeaz
2022-01-25 04:55:21,548 DEBUG scheduler Queued events for site erpeaz
2022-01-25 04:56:21,830 DEBUG scheduler Queued events for site erpeaz
2022-01-25 04:57:22,098 DEBUG scheduler Queued events for site erpeaz
2022-01-25 04:58:22,364 DEBUG scheduler Queued events for site erpeaz
2022-01-25 04:59:22,771 DEBUG scheduler Queued events for site erpeaz
2022-01-25 05:00:23,030 DEBUG scheduler Queued events for site erpeaz
2022-01-25 05:01:23,414 DEBUG scheduler Queued events for site erpeaz
2022-01-25 05:02:23,660 DEBUG scheduler Queued events for site erpeaz
2022-01-25 05:03:24,070 DEBUG scheduler Queued events for site erpeaz
2022-01-25 05:04:24,330 DEBUG scheduler Queued events for site erpeaz
2022-01-25 05:05:24,613 DEBUG scheduler Queued events for site erpeaz
2022-01-25 05:06:24,876 DEBUG scheduler Queued events for site erpeaz
2022-01-25 05:07:25,283 DEBUG scheduler Queued events for site erpeaz
2022-01-25 05:08:25,503 DEBUG scheduler Queued events for site erpeaz
2022-01-25 05:09:25,711 DEBUG scheduler Queued events for site erpeaz
2022-01-25 05:10:25,973 DEBUG scheduler Queued events for site erpeaz
2022-01-25 05:11:26,393 DEBUG scheduler Queued events for site erpeaz
2022-01-25 05:12:26,653 DEBUG scheduler Queued events for site erpeaz
2022-01-25 05:13:26,912 DEBUG scheduler Queued events for site erpeaz
2022-01-25 05:14:27,188 DEBUG scheduler Queued events for site erpeaz
2022-01-25 05:15:27,613 DEBUG scheduler Queued events for site erpeaz
2022-01-25 05:16:27,864 DEBUG scheduler Queued events for site erpeaz
2022-01-25 05:17:28,127 DEBUG scheduler Queued events for site erpeaz
2022-01-25 05:18:28,410 DEBUG scheduler Queued events for site erpeaz
2022-01-25 05:19:28,831 DEBUG scheduler Queued events for site erpeaz
2022-01-25 05:20:29,090 DEBUG scheduler Queued events for site erpeaz
2022-01-25 05:21:29,350 DEBUG scheduler Queued events for site erpeaz
2022-01-25 05:22:29,617 DEBUG scheduler Queued events for site erpeaz
2022-01-25 05:23:30,000 DEBUG scheduler Queued events for site erpeaz
2022-01-25 05:24:30,263 DEBUG scheduler Queued events for site erpeaz
2022-01-25 05:25:30,524 DEBUG scheduler Queued events for site erpeaz
2022-01-25 05:26:30,784 DEBUG scheduler Queued events for site erpeaz
2022-01-25 05:27:31,204 DEBUG scheduler Queued events for site erpeaz
2022-01-25 05:28:31,427 DEBUG scheduler Queued events for site erpeaz
2022-01-25 05:29:31,653 DEBUG scheduler Queued events for site erpeaz
2022-01-25 05:30:31,940 DEBUG scheduler Queued events for site erpeaz
2022-01-25 05:31:33,076 DEBUG scheduler Queued events for site erpeaz
2022-01-25 05:32:33,343 DEBUG scheduler Queued events for site erpeaz
2022-01-25 05:33:33,604 DEBUG scheduler Queued events for site erpeaz
2022-01-25 05:34:33,869 DEBUG scheduler Queued events for site erpeaz
2022-01-25 05:35:34,295 DEBUG scheduler Queued events for site erpeaz
2022-01-25 05:36:34,554 DEBUG scheduler Queued events for site erpeaz
2022-01-25 05:37:34,819 DEBUG scheduler Queued events for site erpeaz
2022-01-25 05:38:35,094 DEBUG scheduler Queued events for site erpeaz
2022-01-25 05:39:35,516 DEBUG scheduler Queued events for site erpeaz
2022-01-25 05:40:35,804 DEBUG scheduler Queued events for site erpeaz
2022-01-25 05:41:36,063 DEBUG scheduler Queued events for site erpeaz
2022-01-25 05:42:36,319 DEBUG scheduler Queued events for site erpeaz
2022-01-25 05:43:36,739 DEBUG scheduler Queued events for site erpeaz
2022-01-25 05:44:36,994 DEBUG scheduler Queued events for site erpeaz
2022-01-25 05:45:37,259 DEBUG scheduler Queued events for site erpeaz
2022-01-25 05:46:37,513 DEBUG scheduler Queued events for site erpeaz
2022-01-25 05:47:37,920 DEBUG scheduler Queued events for site erpeaz
2022-01-25 05:48:38,141 DEBUG scheduler Queued events for site erpeaz
2022-01-25 05:49:38,383 DEBUG scheduler Queued events for site erpeaz
2022-01-25 05:50:38,626 DEBUG scheduler Queued events for site erpeaz
2022-01-25 05:51:39,049 DEBUG scheduler Queued events for site erpeaz
2022-01-25 05:52:39,326 DEBUG scheduler Queued events for site erpeaz
2022-01-25 05:53:39,539 DEBUG scheduler Queued events for site erpeaz
2022-01-25 05:54:39,800 DEBUG scheduler Queued events for site erpeaz
2022-01-25 05:55:40,194 DEBUG scheduler Queued events for site erpeaz
2022-01-25 05:56:40,456 DEBUG scheduler Queued events for site erpeaz
2022-01-25 05:57:40,708 DEBUG scheduler Queued events for site erpeaz
2022-01-25 05:58:40,968 DEBUG scheduler Queued events for site erpeaz
2022-01-25 05:59:41,374 DEBUG scheduler Queued events for site erpeaz
2022-01-25 06:00:41,640 DEBUG scheduler Queued events for site erpeaz
2022-01-25 06:01:41,987 DEBUG scheduler Queued events for site erpeaz
2022-01-25 06:02:42,256 DEBUG scheduler Queued events for site erpeaz
2022-01-25 06:03:42,661 DEBUG scheduler Queued events for site erpeaz
2022-01-25 06:04:42,896 DEBUG scheduler Queued events for site erpeaz
2022-01-25 06:05:43,156 DEBUG scheduler Queued events for site erpeaz
2022-01-25 06:06:43,406 DEBUG scheduler Queued events for site erpeaz
2022-01-25 06:07:43,819 DEBUG scheduler Queued events for site erpeaz
2022-01-25 06:08:44,078 DEBUG scheduler Queued events for site erpeaz
2022-01-25 06:09:44,324 DEBUG scheduler Queued events for site erpeaz
2022-01-25 06:10:44,599 DEBUG scheduler Queued events for site erpeaz
2022-01-25 06:11:45,028 DEBUG scheduler Queued events for site erpeaz
2022-01-25 06:12:45,293 DEBUG scheduler Queued events for site erpeaz
2022-01-25 06:13:45,551 DEBUG scheduler Queued events for site erpeaz
2022-01-25 06:14:45,812 DEBUG scheduler Queued events for site erpeaz
2022-01-25 06:15:46,248 DEBUG scheduler Queued events for site erpeaz
2022-01-25 06:16:46,529 DEBUG scheduler Queued events for site erpeaz
2022-01-25 06:17:46,790 DEBUG scheduler Queued events for site erpeaz
2022-01-25 06:18:47,061 DEBUG scheduler Queued events for site erpeaz
2022-01-25 06:19:47,463 DEBUG scheduler Queued events for site erpeaz
2022-01-25 06:20:47,742 DEBUG scheduler Queued events for site erpeaz
2022-01-25 06:21:48,002 DEBUG scheduler Queued events for site erpeaz
2022-01-25 06:22:48,249 DEBUG scheduler Queued events for site erpeaz
2022-01-25 06:23:48,658 DEBUG scheduler Queued events for site erpeaz
2022-01-25 06:24:48,926 DEBUG scheduler Queued events for site erpeaz
2022-01-25 06:25:49,192 DEBUG scheduler Queued events for site erpeaz
2022-01-25 06:26:49,559 DEBUG scheduler Queued events for site erpeaz
2022-01-25 06:27:49,988 DEBUG scheduler Queued events for site erpeaz
2022-01-25 06:28:50,250 DEBUG scheduler Queued events for site erpeaz
2022-01-25 06:29:50,510 DEBUG scheduler Queued events for site erpeaz
2022-01-25 06:30:50,774 DEBUG scheduler Queued events for site erpeaz
2022-01-25 06:31:51,905 DEBUG scheduler Queued events for site erpeaz
2022-01-25 06:32:52,168 DEBUG scheduler Queued events for site erpeaz
2022-01-25 06:33:52,435 DEBUG scheduler Queued events for site erpeaz
2022-01-25 06:34:52,703 DEBUG scheduler Queued events for site erpeaz
2022-01-25 06:35:53,076 DEBUG scheduler Queued events for site erpeaz
2022-01-25 06:36:53,328 DEBUG scheduler Queued events for site erpeaz
2022-01-25 06:37:53,557 DEBUG scheduler Queued events for site erpeaz
2022-01-25 06:38:53,819 DEBUG scheduler Queued events for site erpeaz
2022-01-25 06:39:54,233 DEBUG scheduler Queued events for site erpeaz
2022-01-25 06:40:54,518 DEBUG scheduler Queued events for site erpeaz
2022-01-25 06:41:54,777 DEBUG scheduler Queued events for site erpeaz
2022-01-25 06:42:55,038 DEBUG scheduler Queued events for site erpeaz
2022-01-25 06:43:55,455 DEBUG scheduler Queued events for site erpeaz
2022-01-25 06:44:55,697 DEBUG scheduler Queued events for site erpeaz
2022-01-25 06:45:55,973 DEBUG scheduler Queued events for site erpeaz
2022-01-25 06:46:56,243 DEBUG scheduler Queued events for site erpeaz
2022-01-25 06:47:56,646 DEBUG scheduler Queued events for site erpeaz
2022-01-25 06:48:56,914 DEBUG scheduler Queued events for site erpeaz
2022-01-25 06:49:57,189 DEBUG scheduler Queued events for site erpeaz
2022-01-25 06:50:57,451 DEBUG scheduler Queued events for site erpeaz
2022-01-25 06:51:57,857 DEBUG scheduler Queued events for site erpeaz
2022-01-25 06:52:58,105 DEBUG scheduler Queued events for site erpeaz
2022-01-25 06:53:58,342 DEBUG scheduler Queued events for site erpeaz
2022-01-25 06:54:58,606 DEBUG scheduler Queued events for site erpeaz
2022-01-25 06:55:58,989 DEBUG scheduler Queued events for site erpeaz
2022-01-25 06:56:59,249 DEBUG scheduler Queued events for site erpeaz
2022-01-25 06:57:59,491 DEBUG scheduler Queued events for site erpeaz
2022-01-25 06:58:59,752 DEBUG scheduler Queued events for site erpeaz
2022-01-25 07:00:00,233 DEBUG scheduler Queued events for site erpeaz
2022-01-25 07:01:00,868 DEBUG scheduler Queued events for site erpeaz
2022-01-25 07:02:01,113 DEBUG scheduler Queued events for site erpeaz
2022-01-25 07:03:01,547 DEBUG scheduler Queued events for site erpeaz
2022-01-25 07:04:01,806 DEBUG scheduler Queued events for site erpeaz
2022-01-25 07:05:02,056 DEBUG scheduler Queued events for site erpeaz
2022-01-25 07:06:02,312 DEBUG scheduler Queued events for site erpeaz
2022-01-25 07:07:02,703 DEBUG scheduler Queued events for site erpeaz
2022-01-25 07:08:02,956 DEBUG scheduler Queued events for site erpeaz
2022-01-25 07:09:03,206 DEBUG scheduler Queued events for site erpeaz
2022-01-25 07:10:03,466 DEBUG scheduler Queued events for site erpeaz
2022-01-25 07:11:03,891 DEBUG scheduler Queued events for site erpeaz
2022-01-25 07:12:04,156 DEBUG scheduler Queued events for site erpeaz
2022-01-25 07:13:04,408 DEBUG scheduler Queued events for site erpeaz
2022-01-25 07:14:04,698 DEBUG scheduler Queued events for site erpeaz
2022-01-25 07:15:05,151 DEBUG scheduler Queued events for site erpeaz
2022-01-25 07:16:05,403 DEBUG scheduler Queued events for site erpeaz
2022-01-25 07:17:05,661 DEBUG scheduler Queued events for site erpeaz
2022-01-25 07:18:05,920 DEBUG scheduler Queued events for site erpeaz
2022-01-25 07:19:06,358 DEBUG scheduler Queued events for site erpeaz
2022-01-25 07:20:06,620 DEBUG scheduler Queued events for site erpeaz
2022-01-25 07:21:06,881 DEBUG scheduler Queued events for site erpeaz
2022-01-25 07:22:07,149 DEBUG scheduler Queued events for site erpeaz
2022-01-25 07:23:07,534 DEBUG scheduler Queued events for site erpeaz
2022-01-25 07:24:07,785 DEBUG scheduler Queued events for site erpeaz
2022-01-25 07:25:08,048 DEBUG scheduler Queued events for site erpeaz
2022-01-25 07:26:08,314 DEBUG scheduler Queued events for site erpeaz
2022-01-25 07:27:08,741 DEBUG scheduler Queued events for site erpeaz
2022-01-25 07:28:08,999 DEBUG scheduler Queued events for site erpeaz
2022-01-25 07:29:09,270 DEBUG scheduler Queued events for site erpeaz
2022-01-25 07:30:09,530 DEBUG scheduler Queued events for site erpeaz
2022-01-25 07:31:10,706 DEBUG scheduler Queued events for site erpeaz
2022-01-25 07:32:10,968 DEBUG scheduler Queued events for site erpeaz
2022-01-25 07:33:11,198 DEBUG scheduler Queued events for site erpeaz
2022-01-25 07:34:11,415 DEBUG scheduler Queued events for site erpeaz
2022-01-25 07:35:11,819 DEBUG scheduler Queued events for site erpeaz
2022-01-25 07:36:12,080 DEBUG scheduler Queued events for site erpeaz
2022-01-25 07:37:12,321 DEBUG scheduler Queued events for site erpeaz
2022-01-25 07:38:12,589 DEBUG scheduler Queued events for site erpeaz
2022-01-25 07:39:13,011 DEBUG scheduler Queued events for site erpeaz
2022-01-25 07:40:13,246 DEBUG scheduler Queued events for site erpeaz
2022-01-25 07:41:13,506 DEBUG scheduler Queued events for site erpeaz
2022-01-25 07:42:13,766 DEBUG scheduler Queued events for site erpeaz
2022-01-25 07:43:14,177 DEBUG scheduler Queued events for site erpeaz
2022-01-25 07:44:14,453 DEBUG scheduler Queued events for site erpeaz
2022-01-25 07:45:14,712 DEBUG scheduler Queued events for site erpeaz
2022-01-25 07:46:14,983 DEBUG scheduler Queued events for site erpeaz
2022-01-25 07:47:15,374 DEBUG scheduler Queued events for site erpeaz
2022-01-25 07:48:15,643 DEBUG scheduler Queued events for site erpeaz
2022-01-25 07:49:15,885 DEBUG scheduler Queued events for site erpeaz
2022-01-25 07:50:16,123 DEBUG scheduler Queued events for site erpeaz
2022-01-25 07:51:16,534 DEBUG scheduler Queued events for site erpeaz
2022-01-25 07:52:16,824 DEBUG scheduler Queued events for site erpeaz
2022-01-25 07:53:17,083 DEBUG scheduler Queued events for site erpeaz
2022-01-25 07:54:17,345 DEBUG scheduler Queued events for site erpeaz
2022-01-25 07:55:17,768 DEBUG scheduler Queued events for site erpeaz
2022-01-25 07:56:18,029 DEBUG scheduler Queued events for site erpeaz
2022-01-25 07:57:18,273 DEBUG scheduler Queued events for site erpeaz
2022-01-25 07:58:18,533 DEBUG scheduler Queued events for site erpeaz
2022-01-25 07:59:18,953 DEBUG scheduler Queued events for site erpeaz
2022-01-25 08:00:19,225 DEBUG scheduler Queued events for site erpeaz
2022-01-25 08:01:19,615 DEBUG scheduler Queued events for site erpeaz
2022-01-25 08:02:19,848 DEBUG scheduler Queued events for site erpeaz
2022-01-25 08:03:20,277 DEBUG scheduler Queued events for site erpeaz
2022-01-25 08:04:20,509 DEBUG scheduler Queued events for site erpeaz
2022-01-25 08:05:20,773 DEBUG scheduler Queued events for site erpeaz
2022-01-25 08:06:21,063 DEBUG scheduler Queued events for site erpeaz
2022-01-25 08:07:21,468 DEBUG scheduler Queued events for site erpeaz
2022-01-25 08:08:21,728 DEBUG scheduler Queued events for site erpeaz
2022-01-25 08:09:22,000 DEBUG scheduler Queued events for site erpeaz
2022-01-25 08:10:22,274 DEBUG scheduler Queued events for site erpeaz
2022-01-25 08:11:22,706 DEBUG scheduler Queued events for site erpeaz
2022-01-25 08:12:22,967 DEBUG scheduler Queued events for site erpeaz
2022-01-25 08:13:23,224 DEBUG scheduler Queued events for site erpeaz
2022-01-25 08:14:23,511 DEBUG scheduler Queued events for site erpeaz
2022-01-25 08:15:23,923 DEBUG scheduler Queued events for site erpeaz
2022-01-25 08:16:24,236 DEBUG scheduler Queued events for site erpeaz
2022-01-25 08:17:24,494 DEBUG scheduler Queued events for site erpeaz
2022-01-25 08:18:24,759 DEBUG scheduler Queued events for site erpeaz
2022-01-25 08:19:25,152 DEBUG scheduler Queued events for site erpeaz
2022-01-25 08:20:25,438 DEBUG scheduler Queued events for site erpeaz
2022-01-25 08:21:25,678 DEBUG scheduler Queued events for site erpeaz
2022-01-25 08:22:25,945 DEBUG scheduler Queued events for site erpeaz
2022-01-25 08:23:26,332 DEBUG scheduler Queued events for site erpeaz
2022-01-25 08:24:26,600 DEBUG scheduler Queued events for site erpeaz
2022-01-25 08:25:26,866 DEBUG scheduler Queued events for site erpeaz
2022-01-25 08:26:27,130 DEBUG scheduler Queued events for site erpeaz
2022-01-25 08:27:27,554 DEBUG scheduler Queued events for site erpeaz
2022-01-25 08:28:27,813 DEBUG scheduler Queued events for site erpeaz
2022-01-25 08:29:28,056 DEBUG scheduler Queued events for site erpeaz
2022-01-25 08:30:28,317 DEBUG scheduler Queued events for site erpeaz
2022-01-25 08:31:29,457 DEBUG scheduler Queued events for site erpeaz
2022-01-25 08:32:29,717 DEBUG scheduler Queued events for site erpeaz
2022-01-25 08:33:29,967 DEBUG scheduler Queued events for site erpeaz
2022-01-25 08:34:30,263 DEBUG scheduler Queued events for site erpeaz
2022-01-25 08:35:30,678 DEBUG scheduler Queued events for site erpeaz
2022-01-25 08:36:30,961 DEBUG scheduler Queued events for site erpeaz
2022-01-25 08:37:31,218 DEBUG scheduler Queued events for site erpeaz
2022-01-25 08:38:31,479 DEBUG scheduler Queued events for site erpeaz
2022-01-25 08:39:31,870 DEBUG scheduler Queued events for site erpeaz
2022-01-25 08:40:32,121 DEBUG scheduler Queued events for site erpeaz
2022-01-25 08:41:32,380 DEBUG scheduler Queued events for site erpeaz
2022-01-25 08:42:32,638 DEBUG scheduler Queued events for site erpeaz
2022-01-25 08:43:33,047 DEBUG scheduler Queued events for site erpeaz
2022-01-25 08:44:33,307 DEBUG scheduler Queued events for site erpeaz
2022-01-25 08:45:33,568 DEBUG scheduler Queued events for site erpeaz
2022-01-25 08:46:33,855 DEBUG scheduler Queued events for site erpeaz
2022-01-25 08:47:34,251 DEBUG scheduler Queued events for site erpeaz
2022-01-25 08:48:34,531 DEBUG scheduler Queued events for site erpeaz
2022-01-25 08:49:34,888 DEBUG scheduler Queued events for site erpeaz
2022-01-25 08:50:35,166 DEBUG scheduler Queued events for site erpeaz
2022-01-25 08:51:35,581 DEBUG scheduler Queued events for site erpeaz
2022-01-25 08:52:35,843 DEBUG scheduler Queued events for site erpeaz
2022-01-25 08:53:36,103 DEBUG scheduler Queued events for site erpeaz
2022-01-25 08:54:36,361 DEBUG scheduler Queued events for site erpeaz
2022-01-25 08:55:36,781 DEBUG scheduler Queued events for site erpeaz
2022-01-25 08:56:37,039 DEBUG scheduler Queued events for site erpeaz
2022-01-25 08:57:37,290 DEBUG scheduler Queued events for site erpeaz
2022-01-25 08:58:37,533 DEBUG scheduler Queued events for site erpeaz
2022-01-25 08:59:37,944 DEBUG scheduler Queued events for site erpeaz
2022-01-25 09:00:38,208 DEBUG scheduler Queued events for site erpeaz
2022-01-25 09:01:38,575 DEBUG scheduler Queued events for site erpeaz
2022-01-25 09:02:38,836 DEBUG scheduler Queued events for site erpeaz
2022-01-25 09:03:39,244 DEBUG scheduler Queued events for site erpeaz
2022-01-25 09:04:39,505 DEBUG scheduler Queued events for site erpeaz
2022-01-25 09:05:39,789 DEBUG scheduler Queued events for site erpeaz
2022-01-25 09:06:40,053 DEBUG scheduler Queued events for site erpeaz
2022-01-25 09:07:40,481 DEBUG scheduler Queued events for site erpeaz
2022-01-25 09:08:40,714 DEBUG scheduler Queued events for site erpeaz
2022-01-25 09:09:40,960 DEBUG scheduler Queued events for site erpeaz
2022-01-25 09:10:41,226 DEBUG scheduler Queued events for site erpeaz
2022-01-25 09:11:41,636 DEBUG scheduler Queued events for site erpeaz
2022-01-25 09:12:41,860 DEBUG scheduler Queued events for site erpeaz
2022-01-25 09:13:42,110 DEBUG scheduler Queued events for site erpeaz
2022-01-25 09:14:42,542 DEBUG scheduler Queued events for site erpeaz
2022-01-25 09:15:42,975 DEBUG scheduler Queued events for site erpeaz
2022-01-25 09:16:43,256 DEBUG scheduler Queued events for site erpeaz
2022-01-25 09:17:43,515 DEBUG scheduler Queued events for site erpeaz
2022-01-25 09:18:43,775 DEBUG scheduler Queued events for site erpeaz
2022-01-25 09:19:44,211 DEBUG scheduler Queued events for site erpeaz
2022-01-25 09:20:44,474 DEBUG scheduler Queued events for site erpeaz
2022-01-25 09:21:44,734 DEBUG scheduler Queued events for site erpeaz
2022-01-25 09:22:44,956 DEBUG scheduler Queued events for site erpeaz
2022-01-25 09:23:45,405 DEBUG scheduler Queued events for site erpeaz
2022-01-25 09:24:45,667 DEBUG scheduler Queued events for site erpeaz
2022-01-25 09:25:45,932 DEBUG scheduler Queued events for site erpeaz
2022-01-25 09:26:46,186 DEBUG scheduler Queued events for site erpeaz
2022-01-25 09:27:46,612 DEBUG scheduler Queued events for site erpeaz
2022-01-25 09:28:46,855 DEBUG scheduler Queued events for site erpeaz
2022-01-25 09:29:47,112 DEBUG scheduler Queued events for site erpeaz
2022-01-25 09:30:47,380 DEBUG scheduler Queued events for site erpeaz
2022-01-25 09:31:48,534 DEBUG scheduler Queued events for site erpeaz
